<?xml version="1.0" encoding="UTF-8"?>
<!-- Generated by org.testng.reporters.JUnitXMLReporter -->
<testsuite ignored="26" hostname="DESKTOP-N596F8M" failures="0" tests="1" name="Default test" time="64.776" errors="0" timestamp="2023-07-25T17:02:03 IST">
  <testcase classname="com.test.ViewMatterGeneralViewDetailTest1" name="editMatterInfoWithTeamMembers" time="43.189"/>
  <testcase classname="com.test.ViewMatterGeneralViewDetailTest1" name="removeTeamMemberAndNo" time="0.0">
    <ignored/>
  </testcase> <!-- removeTeamMemberAndNo -->
  <testcase classname="com.test.ViewMatterGeneralViewDetailTest1" name="searchAndSelectClientsNamesAndCancel" time="0.0">
    <ignored/>
  </testcase> <!-- searchAndSelectClientsNamesAndCancel -->
  <testcase classname="com.test.ViewMatterGeneralViewDetailTest1" name="removeTeamMemberAndYesAndSave" time="0.0">
    <ignored/>
  </testcase> <!-- removeTeamMemberAndYesAndSave -->
  <testcase classname="com.test.ViewMatterGeneralViewDetailTest1" name="searchAndSelectClientsNamesAndSave" time="0.0">
    <ignored/>
  </testcase> <!-- searchAndSelectClientsNamesAndSave -->
  <testcase classname="com.test.ViewMatterGeneralViewDetailTest1" name="searchAndSelectNamesAndCancel" time="0.0">
    <ignored/>
  </testcase> <!-- searchAndSelectNamesAndCancel -->
  <testcase classname="com.test.ViewMatterGeneralViewDetailTest1" name="editMatterInfoWithViewDetails" time="0.0">
    <ignored/>
  </testcase> <!-- editMatterInfoWithViewDetails -->
  <testcase classname="com.test.ViewMatterGeneralViewDetailTest1" name="editMatterInfoWithClients" time="0.0">
    <ignored/>
  </testcase> <!-- editMatterInfoWithClients -->
  <testcase classname="com.test.ViewMatterGeneralViewDetailTest1" name="removeClientsAndYesAndSave" time="0.0">
    <ignored/>
  </testcase> <!-- removeClientsAndYesAndSave -->
  <testcase classname="com.test.ViewMatterGeneralViewDetailTest1" name="clientSelectingAndCancel" time="0.0">
    <ignored/>
  </testcase> <!-- clientSelectingAndCancel -->
  <testcase classname="com.test.ViewMatterGeneralViewDetailTest1" name="unselectAllTeamMemberAndSave" time="0.0">
    <ignored/>
  </testcase> <!-- unselectAllTeamMemberAndSave -->
  <testcase classname="com.test.ViewMatterGeneralViewDetailTest1" name="removeTeamMemberAndYes" time="0.0">
    <ignored/>
  </testcase> <!-- removeTeamMemberAndYes -->
  <testcase classname="com.test.ViewMatterGeneralViewDetailTest1" name="clientSelectingAndSave" time="0.0">
    <ignored/>
  </testcase> <!-- clientSelectingAndSave -->
  <testcase classname="com.test.ViewMatterGeneralViewDetailTest1" name="removeClientsAndClose" time="0.0">
    <ignored/>
  </testcase> <!-- removeClientsAndClose -->
  <testcase classname="com.test.ViewMatterGeneralViewDetailTest1" name="removeClientsAndYes" time="0.0">
    <ignored/>
  </testcase> <!-- removeClientsAndYes -->
  <testcase classname="com.test.ViewMatterGeneralViewDetailTest1" name="eyeCheckinViewDetail" time="0.0">
    <ignored/>
  </testcase> <!-- eyeCheckinViewDetail -->
  <testcase classname="com.test.ViewMatterGeneralViewDetailTest1" name="leftAndRightArrow" time="0.0">
    <ignored/>
  </testcase> <!-- leftAndRightArrow -->
  <testcase classname="com.test.ViewMatterGeneralViewDetailTest1" name="selectAllTeamMemberAndSave" time="0.0">
    <ignored/>
  </testcase> <!-- selectAllTeamMemberAndSave -->
  <testcase classname="com.test.ViewMatterGeneralViewDetailTest1" name="searchAndSelectNamesAndSave" time="0.0">
    <ignored/>
  </testcase> <!-- searchAndSelectNamesAndSave -->
  <testcase classname="com.test.ViewMatterGeneralViewDetailTest1" name="selectedNameisDisplayorNotInClients" time="0.0">
    <ignored/>
  </testcase> <!-- selectedNameisDisplayorNotInClients -->
  <testcase classname="com.test.ViewMatterGeneralViewDetailTest1" name="unselectAllClientsAndSave" time="0.0">
    <ignored/>
  </testcase> <!-- unselectAllClientsAndSave -->
  <testcase classname="com.test.ViewMatterGeneralViewDetailTest1" name="teamMemberSelectingAndSave" time="0.0">
    <ignored/>
  </testcase> <!-- teamMemberSelectingAndSave -->
  <testcase classname="com.test.ViewMatterGeneralViewDetailTest1" name="teamMemberSelectingAndCancel" time="0.0">
    <ignored/>
  </testcase> <!-- teamMemberSelectingAndCancel -->
  <testcase classname="com.test.ViewMatterGeneralViewDetailTest1" name="removeClientsAndNo" time="0.0">
    <ignored/>
  </testcase> <!-- removeClientsAndNo -->
  <testcase classname="com.test.ViewMatterGeneralViewDetailTest1" name="removeTeamMemberAndClose" time="0.0">
    <ignored/>
  </testcase> <!-- removeTeamMemberAndClose -->
  <testcase classname="com.test.ViewMatterGeneralViewDetailTest1" name="selectedNameisDisplayorNot" time="0.0">
    <ignored/>
  </testcase> <!-- selectedNameisDisplayorNot -->
  <testcase classname="com.test.ViewMatterGeneralViewDetailTest1" name="selectAllClientsAndSave" time="0.0">
    <ignored/>
  </testcase> <!-- selectAllClientsAndSave -->
</testsuite> <!-- Default test -->
