<?xml version="1.0" encoding="UTF-8"?>
<!-- Generated by org.testng.reporters.JUnitXMLReporter -->
<testsuite ignored="0" hostname="DESKTOP-N596F8M" failures="0" tests="2" name="Default test" time="237.667" errors="0" timestamp="2023-05-18T16:54:49 IST">
  <testcase classname="com.test.DuplicateCreateMatterTest2" name="allFieldsClientsIndividuals" time="115.351"/>
  <testcase classname="com.test.DuplicateCreateMatterTest2" name="fieldsClientsIndividuals" time="104.606"/>
</testsuite> <!-- Default test -->
