<?xml version="1.0" encoding="UTF-8"?>
<!-- Generated by org.testng.reporters.JUnitXMLReporter -->
<testsuite ignored="0" hostname="DESKTOP-N596F8M" failures="0" tests="11" name="Test" time="583.556" errors="0" timestamp="2023-03-22T15:50:54 IST">
  <testcase classname="com.test.CreatedGroupTest" name="createdGroup" time="67.538"/>
  <testcase classname="com.test.ViewGroupsTest" name="viewGroupTabMenu" time="21.188"/>
  <testcase classname="com.test.ViewGroupsTest" name="viewgroupEditGroupInfo" time="19.839"/>
  <testcase classname="com.test.ViewGroupsTest" name="viewgroupUpdateGroupMember" time="98.532"/>
  <testcase classname="com.test.ViewGroupsTest" name="viewgroupUpdateGroupHead" time="36.523"/>
  <testcase classname="com.test.ViewGroupsTest" name="viewgroupAssignDeleteGroup" time="44.769"/>
  <testcase classname="com.test.CreateMemberTest" name="createMemberAccountCreate" time="107.136"/>
  <testcase classname="com.test.ViewMembersTest" name="viewMemberEditGroup" time="50.482"/>
  <testcase classname="com.test.ViewMembersTest" name="viewMemberUpdateGroupAccess" time="33.875"/>
  <testcase classname="com.test.ViewMembersTest" name="newRestPasswords" time="26.48"/>
  <testcase classname="com.test.ViewMembersTest" name="newdeleteMemberAccount" time="26.266"/>
</testsuite> <!-- Test -->
