<?xml version="1.0" encoding="UTF-8"?>
<!-- Generated by org.testng.reporters.JUnitXMLReporter -->
<testsuite ignored="0" hostname="DESKTOP-N596F8M" failures="0" tests="4" name="Test" time="395.795" errors="0" timestamp="2023-05-09T16:51:58 IST">
  <testcase classname="com.test.CreateMatterTest" name="clientsIndividuals" time="77.245"/>
  <testcase classname="com.test.CreateMatterTest" name="clientsIndividualsWithTeamMembers" time="91.09"/>
  <testcase classname="com.test.CreateMatterTest" name="clientsIndividualsWithDocuments" time="97.486"/>
  <testcase classname="com.test.CreateMatterTest" name="clientsIndividualsWithTMandDocuments" time="116.894"/>
</testsuite> <!-- Test -->
