<?xml version="1.0" encoding="UTF-8"?>
<!-- Generated by org.testng.reporters.JUnitXMLReporter -->
<testsuite ignored="0" hostname="DESKTOP-N596F8M" failures="0" tests="10" name="Test" time="811.5" errors="0" timestamp="2023-05-10T15:49:36 IST">
  <testcase classname="com.test.CreateMatterTest" name="clientsIndividuals" time="77.564"/>
  <testcase classname="com.test.CreateMatterTest" name="clientsIndividualsWithTeamMembers" time="11.192">
    <skipped/>
  </testcase> <!-- clientsIndividualsWithTeamMembers -->
  <testcase classname="com.test.CreateMatterTest" name="clientsIndividualsWithTeamMembers" time="90.907"/>
  <testcase classname="com.test.CreateMatterTest" name="clientsIndividualsWithDocuments" time="103.173"/>
  <testcase classname="com.test.CreateMatterTest" name="clientsIndividualsWithTMandDocuments" time="117.087"/>
  <testcase classname="com.test.CreateMatterTest" name="clientsEntity" time="73.054"/>
  <testcase classname="com.test.CreateMatterTest" name="clientsEntityWithTeamMembers" time="11.19">
    <skipped/>
  </testcase> <!-- clientsEntityWithTeamMembers -->
  <testcase classname="com.test.CreateMatterTest" name="clientsEntityWithTeamMembers" time="91.648"/>
  <testcase classname="com.test.CreateMatterTest" name="clientsEntityWithDocuments" time="104.605"/>
  <testcase classname="com.test.CreateMatterTest" name="clientsEntityWithTMandDocuments" time="117.691"/>
</testsuite> <!-- Test -->
