<?xml version="1.0" encoding="UTF-8"?>
<!-- Generated by org.testng.reporters.JUnitXMLReporter -->
<testsuite ignored="0" hostname="DESKTOP-N596F8M" failures="0" tests="24" name="Test" time="3036.877" errors="0" timestamp="2023-05-15T17:51:15 IST">
  <testcase classname="com.test.CreateMatterTest" name="clientsIndividuals" time="87.499"/>
  <testcase classname="com.test.CreateMatterTest" name="clientsIndividualsWithTeamMembers" time="89.628"/>
  <testcase classname="com.test.CreateMatterTest" name="clientsIndividualsWithDocuments" time="89.751"/>
  <testcase classname="com.test.CreateMatterTest" name="clientsIndividualsWithTMandDocuments" time="101.736"/>
  <testcase classname="com.test.CreateMatterTest" name="clientsEntity" time="77.309"/>
  <testcase classname="com.test.CreateMatterTest" name="clientsEntityWithTeamMembers" time="89.732"/>
  <testcase classname="com.test.CreateMatterTest" name="clientsEntityWithDocuments" time="90.088"/>
  <testcase classname="com.test.CreateMatterTest" name="clientsEntityWithTMandDocuments" time="102.211"/>
  <testcase classname="com.test.CreateMatterTest" name="clientsIndividualsandEntity" time="77.335"/>
  <testcase classname="com.test.CreateMatterTest" name="clientsIndividualsandEntityWithTeamMembers" time="89.556"/>
  <testcase classname="com.test.CreateMatterTest" name="clientsIndividualsandEntityWithDocuments" time="89.92"/>
  <testcase classname="com.test.CreateMatterTest" name="clientsIndividualsandEntityWithTMandDocuments" time="102.205"/>
  <testcase classname="com.test.CreateMatterTest" name="clientsIndividualsandTempClients" time="147.951"/>
  <testcase classname="com.test.CreateMatterTest" name="clientsIndividualsandTempClientsWithTeamMembers" time="159.863"/>
  <testcase classname="com.test.CreateMatterTest" name="clientsIndividualsandTempClientsWithDocuments" time="160.036"/>
  <testcase classname="com.test.CreateMatterTest" name="clientsIndividualsandTempClientsWithTMandDocuments" time="172.235"/>
  <testcase classname="com.test.CreateMatterTest" name="clientsEntityandTempClients" time="148.418"/>
  <testcase classname="com.test.CreateMatterTest" name="clientsEntityandTempClientsWithTeamMembers" time="160.804"/>
  <testcase classname="com.test.CreateMatterTest" name="clientsEntityandTempClientsWithDocuments" time="161.044"/>
  <testcase classname="com.test.CreateMatterTest" name="clientsEntityandTempClientsWithTMandDocuments" time="173.46"/>
  <testcase classname="com.test.CreateMatterTest" name="clientsIndividualsandEntityandTempClients" time="148.285"/>
  <testcase classname="com.test.CreateMatterTest" name="clientsIndividualsandEntityandTempClientsWithTeamMembers" time="165.29"/>
  <testcase classname="com.test.CreateMatterTest" name="clientsIndividualsandEntityandTempClientsWithDocuments" time="163.894"/>
  <testcase classname="com.test.CreateMatterTest" name="clientsIndividualsandEntityandTempClientsWithTMandDocuments" time="176.314"/>
</testsuite> <!-- Test -->
