<?xml version="1.0" encoding="UTF-8"?>
<!-- Generated by org.testng.reporters.JUnitXMLReporter -->
<testsuite ignored="0" hostname="DESKTOP-N596F8M" failures="0" tests="3" name="Test" time="516.387" errors="0" timestamp="2023-03-14T11:12:41 IST">
  <testcase classname="com.test.RegressionTest" name="loginpaged" time="31.077"/>
  <testcase classname="com.test.RegressionTest" name="regressionCreateGroups" time="243.334"/>
  <testcase classname="com.test.RegressionTest" name="regressionCreateGroups" time="239.936"/>
</testsuite> <!-- Test -->
