<?xml version="1.0" encoding="UTF-8"?>
<!-- Generated by org.testng.reporters.JUnitXMLReporter -->
<testsuite ignored="0" hostname="DESKTOP-N596F8M" failures="31" tests="60" name="Test" time="5239.107" errors="0" timestamp="2023-08-31T17:38:48 IST">
  <testcase classname="com.test.CreateMeetingTestWeekRep" name="repetitionWeekly" time="91.482"/>
  <testcase classname="com.test.CreateMeetingTestWeekRep" name="repetitionWeekly" time="90.482"/>
  <testcase classname="com.test.CreateMeetingTestWeekRep" name="repetitionWeekly" time="90.389"/>
  <testcase classname="com.test.CreateMeetingTestWeekRep" name="repetitionWeekly" time="90.364"/>
  <testcase classname="com.test.CreateMeetingTestWeekRep" name="repetitionWeekly" time="92.557"/>
  <testcase classname="com.test.CreateMeetingTestWeekRep" name="repetitionWeekly" time="93.925"/>
  <testcase classname="com.test.CreateMeetingTestWeekRep" name="repetitionWeekly" time="108.361"/>
  <testcase classname="com.test.CreateMeetingTestWeekRep" name="repetitionWeekly" time="93.805"/>
  <testcase classname="com.test.CreateMeetingTestWeekRep" name="repetitionWeekly" time="94.375"/>
  <testcase classname="com.test.CreateMeetingTestWeekRep" name="repetitionWeekly" time="92.906"/>
  <testcase classname="com.test.CreateMeetingTestWeekRep" name="repetitionWeekly" time="92.807"/>
  <testcase classname="com.test.CreateMeetingTestWeekRep" name="repetitionWeekly" time="93.075"/>
  <testcase classname="com.test.CreateMeetingTestWeekRep" name="repetitionWeekly" time="93.627"/>
  <testcase classname="com.test.CreateMeetingTestWeekRep" name="repetitionWeekly" time="109.826"/>
  <testcase classname="com.test.CreateMeetingTestWeekRep" name="repetitionWeekly" time="93.886"/>
  <testcase classname="com.test.CreateMeetingTestWeekRep" name="repetitionWeekly" time="93.59"/>
  <testcase classname="com.test.CreateMeetingTestWeekRep" name="repetitionWeekly" time="91.33"/>
  <testcase classname="com.test.CreateMeetingTestWeekRep" name="repetitionWeekly" time="91.11"/>
  <testcase classname="com.test.CreateMeetingTestWeekRep" name="repetitionWeekly" time="93.722"/>
  <testcase classname="com.test.CreateMeetingTestWeekRep" name="repetitionWeekly" time="108.916"/>
  <testcase classname="com.test.CreateMeetingTestWeekRep" name="repetitionWeekly" time="93.313"/>
  <testcase classname="com.test.CreateMeetingTestWeekRep" name="repetitionWeekly" time="59.94">
    <failure type="java.lang.AssertionError" message="expected [false] but found [true]">
      <![CDATA[java.lang.AssertionError: expected [false] but found [true]
at com.pom.ViewMeetingsPOM.reptitionTextVerify2(ViewMeetingsPOM.java:593)
at com.test.CreateMeetingTestWeekRep.repetitionWeekly(CreateMeetingTestWeekRep.java:48)
at java.base/java.util.ArrayList.forEach(ArrayList.java:1511)
... Removed 29 stack frames]]>
    </failure>
  </testcase> <!-- repetitionWeekly -->
  <testcase classname="com.test.CreateMeetingTestWeekRep" name="repetitionWeekly" time="91.416"/>
  <testcase classname="com.test.CreateMeetingTestWeekRep" name="repetitionWeekly" time="93.919"/>
  <testcase classname="com.test.CreateMeetingTestWeekRep" name="repetitionWeekly" time="109.577"/>
  <testcase classname="com.test.CreateMeetingTestWeekRep" name="repetitionWeekly" time="93.37"/>
  <testcase classname="com.test.CreateMeetingTestWeekRep" name="repetitionWeekly" time="93.662"/>
  <testcase classname="com.test.CreateMeetingTestWeekRep" name="repetitionWeekly" time="94.01"/>
  <testcase classname="com.test.CreateMeetingTestWeekRep" name="repetitionWeekly" time="93.836"/>
  <testcase classname="com.test.CreateMeetingTestWeekRep" name="repetitionWeekly" time="93.639"/>
  <testcase classname="com.test.CreateMeetingTestWeekRep" name="repetitionWeekly" time="87.221">
    <failure type="java.lang.AssertionError" message="expected [Legal Case 11 - Meeting with client] but found [Custody 1 - Meeting with client]">
      <![CDATA[java.lang.AssertionError: expected [Legal Case 11 - Meeting with client] but found [Custody 1 - Meeting with client]
at com.pom.ViewMeetingsPOM.assertMeetingName(ViewMeetingsPOM.java:211)
at com.pom.ViewMeetingsPOM.reptitionTextVerify2(ViewMeetingsPOM.java:566)
at com.test.CreateMeetingTestWeekRep.repetitionWeekly(CreateMeetingTestWeekRep.java:48)
at java.base/java.util.ArrayList.forEach(ArrayList.java:1511)
... Removed 31 stack frames]]>
    </failure>
  </testcase> <!-- repetitionWeekly -->
  <testcase classname="com.test.CreateMeetingTestWeekRep" name="repetitionWeekly" time="70.254">
    <failure type="java.lang.AssertionError" message="expected [Legal Case 11 - Meeting with client] but found [Custody 1 - Meeting with client]">
      <![CDATA[java.lang.AssertionError: expected [Legal Case 11 - Meeting with client] but found [Custody 1 - Meeting with client]
at com.pom.ViewMeetingsPOM.assertMeetingName(ViewMeetingsPOM.java:211)
at com.pom.ViewMeetingsPOM.reptitionTextVerify2(ViewMeetingsPOM.java:566)
at com.test.CreateMeetingTestWeekRep.repetitionWeekly(CreateMeetingTestWeekRep.java:48)
at java.base/java.util.ArrayList.forEach(ArrayList.java:1511)
... Removed 31 stack frames]]>
    </failure>
  </testcase> <!-- repetitionWeekly -->
  <testcase classname="com.test.CreateMeetingTestWeekRep" name="repetitionWeekly" time="84.602">
    <failure type="java.lang.AssertionError" message="expected [Legal Case 11 - Meeting with client] but found [Custody 1 - Meeting with client]">
      <![CDATA[java.lang.AssertionError: expected [Legal Case 11 - Meeting with client] but found [Custody 1 - Meeting with client]
at com.pom.ViewMeetingsPOM.assertMeetingName(ViewMeetingsPOM.java:211)
at com.pom.ViewMeetingsPOM.reptitionTextVerify2(ViewMeetingsPOM.java:566)
at com.test.CreateMeetingTestWeekRep.repetitionWeekly(CreateMeetingTestWeekRep.java:48)
at java.base/java.util.ArrayList.forEach(ArrayList.java:1511)
... Removed 31 stack frames]]>
    </failure>
  </testcase> <!-- repetitionWeekly -->
  <testcase classname="com.test.CreateMeetingTestWeekRep" name="repetitionWeekly" time="84.052">
    <failure type="java.lang.AssertionError" message="expected [Legal Case 11 - Meeting with client] but found [Custody 1 - Meeting with client]">
      <![CDATA[java.lang.AssertionError: expected [Legal Case 11 - Meeting with client] but found [Custody 1 - Meeting with client]
at com.pom.ViewMeetingsPOM.assertMeetingName(ViewMeetingsPOM.java:211)
at com.pom.ViewMeetingsPOM.reptitionTextVerify2(ViewMeetingsPOM.java:566)
at com.test.CreateMeetingTestWeekRep.repetitionWeekly(CreateMeetingTestWeekRep.java:48)
at java.base/java.util.ArrayList.forEach(ArrayList.java:1511)
... Removed 31 stack frames]]>
    </failure>
  </testcase> <!-- repetitionWeekly -->
  <testcase classname="com.test.CreateMeetingTestWeekRep" name="repetitionWeekly" time="70.251">
    <failure type="java.lang.AssertionError" message="expected [Legal Case 11 - Meeting with client] but found [Custody 1 - Meeting with client]">
      <![CDATA[java.lang.AssertionError: expected [Legal Case 11 - Meeting with client] but found [Custody 1 - Meeting with client]
at com.pom.ViewMeetingsPOM.assertMeetingName(ViewMeetingsPOM.java:211)
at com.pom.ViewMeetingsPOM.reptitionTextVerify2(ViewMeetingsPOM.java:566)
at com.test.CreateMeetingTestWeekRep.repetitionWeekly(CreateMeetingTestWeekRep.java:48)
at java.base/java.util.ArrayList.forEach(ArrayList.java:1511)
... Removed 31 stack frames]]>
    </failure>
  </testcase> <!-- repetitionWeekly -->
  <testcase classname="com.test.CreateMeetingTestWeekRep" name="repetitionWeekly" time="70.328">
    <failure type="java.lang.AssertionError" message="expected [Legal Case 11 - Meeting with client] but found [Custody 1 - Meeting with client]">
      <![CDATA[java.lang.AssertionError: expected [Legal Case 11 - Meeting with client] but found [Custody 1 - Meeting with client]
at com.pom.ViewMeetingsPOM.assertMeetingName(ViewMeetingsPOM.java:211)
at com.pom.ViewMeetingsPOM.reptitionTextVerify2(ViewMeetingsPOM.java:566)
at com.test.CreateMeetingTestWeekRep.repetitionWeekly(CreateMeetingTestWeekRep.java:48)
at java.base/java.util.ArrayList.forEach(ArrayList.java:1511)
... Removed 31 stack frames]]>
    </failure>
  </testcase> <!-- repetitionWeekly -->
  <testcase classname="com.test.CreateMeetingTestWeekRep" name="repetitionWeekly" time="70.598">
    <failure type="java.lang.AssertionError" message="expected [Legal Case 11 - Meeting with client] but found [Custody 1 - Meeting with client]">
      <![CDATA[java.lang.AssertionError: expected [Legal Case 11 - Meeting with client] but found [Custody 1 - Meeting with client]
at com.pom.ViewMeetingsPOM.assertMeetingName(ViewMeetingsPOM.java:211)
at com.pom.ViewMeetingsPOM.reptitionTextVerify2(ViewMeetingsPOM.java:566)
at com.test.CreateMeetingTestWeekRep.repetitionWeekly(CreateMeetingTestWeekRep.java:48)
at java.base/java.util.ArrayList.forEach(ArrayList.java:1511)
... Removed 31 stack frames]]>
    </failure>
  </testcase> <!-- repetitionWeekly -->
  <testcase classname="com.test.CreateMeetingTestWeekRep" name="repetitionWeekly" time="70.978">
    <failure type="java.lang.AssertionError" message="expected [Legal Case 11 - Meeting with client] but found [Custody 1 - Meeting with client]">
      <![CDATA[java.lang.AssertionError: expected [Legal Case 11 - Meeting with client] but found [Custody 1 - Meeting with client]
at com.pom.ViewMeetingsPOM.assertMeetingName(ViewMeetingsPOM.java:211)
at com.pom.ViewMeetingsPOM.reptitionTextVerify2(ViewMeetingsPOM.java:566)
at com.test.CreateMeetingTestWeekRep.repetitionWeekly(CreateMeetingTestWeekRep.java:48)
at java.base/java.util.ArrayList.forEach(ArrayList.java:1511)
... Removed 31 stack frames]]>
    </failure>
  </testcase> <!-- repetitionWeekly -->
  <testcase classname="com.test.CreateMeetingTestWeekRep" name="repetitionWeekly" time="84.791">
    <failure type="java.lang.AssertionError" message="expected [Legal Case 11 - Meeting with client] but found [Custody 1 - Meeting with client]">
      <![CDATA[java.lang.AssertionError: expected [Legal Case 11 - Meeting with client] but found [Custody 1 - Meeting with client]
at com.pom.ViewMeetingsPOM.assertMeetingName(ViewMeetingsPOM.java:211)
at com.pom.ViewMeetingsPOM.reptitionTextVerify2(ViewMeetingsPOM.java:566)
at com.test.CreateMeetingTestWeekRep.repetitionWeekly(CreateMeetingTestWeekRep.java:48)
at java.base/java.util.ArrayList.forEach(ArrayList.java:1511)
... Removed 31 stack frames]]>
    </failure>
  </testcase> <!-- repetitionWeekly -->
  <testcase classname="com.test.CreateMeetingTestWeekRep" name="repetitionWeekly" time="70.738">
    <failure type="java.lang.AssertionError" message="expected [Legal Case 11 - Meeting with client] but found [Custody 1 - Meeting with client]">
      <![CDATA[java.lang.AssertionError: expected [Legal Case 11 - Meeting with client] but found [Custody 1 - Meeting with client]
at com.pom.ViewMeetingsPOM.assertMeetingName(ViewMeetingsPOM.java:211)
at com.pom.ViewMeetingsPOM.reptitionTextVerify2(ViewMeetingsPOM.java:566)
at com.test.CreateMeetingTestWeekRep.repetitionWeekly(CreateMeetingTestWeekRep.java:48)
at java.base/java.util.ArrayList.forEach(ArrayList.java:1511)
... Removed 31 stack frames]]>
    </failure>
  </testcase> <!-- repetitionWeekly -->
  <testcase classname="com.test.CreateMeetingTestWeekRep" name="repetitionWeekly" time="70.742">
    <failure type="java.lang.AssertionError" message="expected [Legal Case 11 - Meeting with client] but found [Custody 1 - Meeting with client]">
      <![CDATA[java.lang.AssertionError: expected [Legal Case 11 - Meeting with client] but found [Custody 1 - Meeting with client]
at com.pom.ViewMeetingsPOM.assertMeetingName(ViewMeetingsPOM.java:211)
at com.pom.ViewMeetingsPOM.reptitionTextVerify2(ViewMeetingsPOM.java:566)
at com.test.CreateMeetingTestWeekRep.repetitionWeekly(CreateMeetingTestWeekRep.java:48)
at java.base/java.util.ArrayList.forEach(ArrayList.java:1511)
... Removed 31 stack frames]]>
    </failure>
  </testcase> <!-- repetitionWeekly -->
  <testcase classname="com.test.CreateMeetingTestWeekRep" name="repetitionWeekly" time="70.747">
    <failure type="java.lang.AssertionError" message="expected [Legal Case 11 - Meeting with client] but found [Custody 1 - Meeting with client]">
      <![CDATA[java.lang.AssertionError: expected [Legal Case 11 - Meeting with client] but found [Custody 1 - Meeting with client]
at com.pom.ViewMeetingsPOM.assertMeetingName(ViewMeetingsPOM.java:211)
at com.pom.ViewMeetingsPOM.reptitionTextVerify2(ViewMeetingsPOM.java:566)
at com.test.CreateMeetingTestWeekRep.repetitionWeekly(CreateMeetingTestWeekRep.java:48)
at java.base/java.util.ArrayList.forEach(ArrayList.java:1511)
... Removed 31 stack frames]]>
    </failure>
  </testcase> <!-- repetitionWeekly -->
  <testcase classname="com.test.CreateMeetingTestWeekRep" name="repetitionWeekly" time="71.1">
    <failure type="java.lang.AssertionError" message="expected [Legal Case 11 - Meeting with client] but found [Custody 1 - Meeting with client]">
      <![CDATA[java.lang.AssertionError: expected [Legal Case 11 - Meeting with client] but found [Custody 1 - Meeting with client]
at com.pom.ViewMeetingsPOM.assertMeetingName(ViewMeetingsPOM.java:211)
at com.pom.ViewMeetingsPOM.reptitionTextVerify2(ViewMeetingsPOM.java:566)
at com.test.CreateMeetingTestWeekRep.repetitionWeekly(CreateMeetingTestWeekRep.java:48)
at java.base/java.util.ArrayList.forEach(ArrayList.java:1511)
... Removed 31 stack frames]]>
    </failure>
  </testcase> <!-- repetitionWeekly -->
  <testcase classname="com.test.CreateMeetingTestWeekRep" name="repetitionWeekly" time="85.052">
    <failure type="java.lang.AssertionError" message="expected [Legal Case 11 - Meeting with client] but found [Custody 1 - Meeting with client]">
      <![CDATA[java.lang.AssertionError: expected [Legal Case 11 - Meeting with client] but found [Custody 1 - Meeting with client]
at com.pom.ViewMeetingsPOM.assertMeetingName(ViewMeetingsPOM.java:211)
at com.pom.ViewMeetingsPOM.reptitionTextVerify2(ViewMeetingsPOM.java:566)
at com.test.CreateMeetingTestWeekRep.repetitionWeekly(CreateMeetingTestWeekRep.java:48)
at java.base/java.util.ArrayList.forEach(ArrayList.java:1511)
... Removed 31 stack frames]]>
    </failure>
  </testcase> <!-- repetitionWeekly -->
  <testcase classname="com.test.CreateMeetingTestWeekRep" name="repetitionWeekly" time="70.879">
    <failure type="java.lang.AssertionError" message="expected [Legal Case 11 - Meeting with client] but found [Custody 1 - Meeting with client]">
      <![CDATA[java.lang.AssertionError: expected [Legal Case 11 - Meeting with client] but found [Custody 1 - Meeting with client]
at com.pom.ViewMeetingsPOM.assertMeetingName(ViewMeetingsPOM.java:211)
at com.pom.ViewMeetingsPOM.reptitionTextVerify2(ViewMeetingsPOM.java:566)
at com.test.CreateMeetingTestWeekRep.repetitionWeekly(CreateMeetingTestWeekRep.java:48)
at java.base/java.util.ArrayList.forEach(ArrayList.java:1511)
... Removed 31 stack frames]]>
    </failure>
  </testcase> <!-- repetitionWeekly -->
  <testcase classname="com.test.CreateMeetingTestWeekRep" name="repetitionWeekly" time="70.887">
    <failure type="java.lang.AssertionError" message="expected [Legal Case 11 - Meeting with client] but found [Custody 1 - Meeting with client]">
      <![CDATA[java.lang.AssertionError: expected [Legal Case 11 - Meeting with client] but found [Custody 1 - Meeting with client]
at com.pom.ViewMeetingsPOM.assertMeetingName(ViewMeetingsPOM.java:211)
at com.pom.ViewMeetingsPOM.reptitionTextVerify2(ViewMeetingsPOM.java:566)
at com.test.CreateMeetingTestWeekRep.repetitionWeekly(CreateMeetingTestWeekRep.java:48)
at java.base/java.util.ArrayList.forEach(ArrayList.java:1511)
... Removed 31 stack frames]]>
    </failure>
  </testcase> <!-- repetitionWeekly -->
  <testcase classname="com.test.CreateMeetingTestWeekRep" name="repetitionWeekly" time="71.365">
    <failure type="java.lang.AssertionError" message="expected [Legal Case 11 - Meeting with client] but found [Custody 1 - Meeting with client]">
      <![CDATA[java.lang.AssertionError: expected [Legal Case 11 - Meeting with client] but found [Custody 1 - Meeting with client]
at com.pom.ViewMeetingsPOM.assertMeetingName(ViewMeetingsPOM.java:211)
at com.pom.ViewMeetingsPOM.reptitionTextVerify2(ViewMeetingsPOM.java:566)
at com.test.CreateMeetingTestWeekRep.repetitionWeekly(CreateMeetingTestWeekRep.java:48)
at java.base/java.util.ArrayList.forEach(ArrayList.java:1511)
... Removed 31 stack frames]]>
    </failure>
  </testcase> <!-- repetitionWeekly -->
  <testcase classname="com.test.CreateMeetingTestWeekRep" name="repetitionWeekly" time="85.458">
    <failure type="java.lang.AssertionError" message="expected [Legal Case 11 - Meeting with client] but found [Custody 1 - Meeting with client]">
      <![CDATA[java.lang.AssertionError: expected [Legal Case 11 - Meeting with client] but found [Custody 1 - Meeting with client]
at com.pom.ViewMeetingsPOM.assertMeetingName(ViewMeetingsPOM.java:211)
at com.pom.ViewMeetingsPOM.reptitionTextVerify2(ViewMeetingsPOM.java:566)
at com.test.CreateMeetingTestWeekRep.repetitionWeekly(CreateMeetingTestWeekRep.java:48)
at java.base/java.util.ArrayList.forEach(ArrayList.java:1511)
... Removed 31 stack frames]]>
    </failure>
  </testcase> <!-- repetitionWeekly -->
  <testcase classname="com.test.CreateMeetingTestWeekRep" name="repetitionWeekly" time="70.989">
    <failure type="java.lang.AssertionError" message="expected [Legal Case 11 - Meeting with client] but found [Custody 1 - Meeting with client]">
      <![CDATA[java.lang.AssertionError: expected [Legal Case 11 - Meeting with client] but found [Custody 1 - Meeting with client]
at com.pom.ViewMeetingsPOM.assertMeetingName(ViewMeetingsPOM.java:211)
at com.pom.ViewMeetingsPOM.reptitionTextVerify2(ViewMeetingsPOM.java:566)
at com.test.CreateMeetingTestWeekRep.repetitionWeekly(CreateMeetingTestWeekRep.java:48)
at java.base/java.util.ArrayList.forEach(ArrayList.java:1511)
... Removed 31 stack frames]]>
    </failure>
  </testcase> <!-- repetitionWeekly -->
  <testcase classname="com.test.CreateMeetingTestWeekRep" name="repetitionWeekly" time="81.499">
    <failure type="java.lang.AssertionError" message="expected [Legal Case 11 - Meeting with client] but found [Custody 1 - Meeting with client]">
      <![CDATA[java.lang.AssertionError: expected [Legal Case 11 - Meeting with client] but found [Custody 1 - Meeting with client]
at com.pom.ViewMeetingsPOM.assertMeetingName(ViewMeetingsPOM.java:211)
at com.pom.ViewMeetingsPOM.reptitionTextVerify2(ViewMeetingsPOM.java:566)
at com.test.CreateMeetingTestWeekRep.repetitionWeekly(CreateMeetingTestWeekRep.java:48)
at java.base/java.util.ArrayList.forEach(ArrayList.java:1511)
... Removed 31 stack frames]]>
    </failure>
  </testcase> <!-- repetitionWeekly -->
  <testcase classname="com.test.CreateMeetingTestWeekRep" name="repetitionWeekly" time="81.24">
    <failure type="java.lang.AssertionError" message="expected [Legal Case 11 - Meeting with client] but found [Custody 1 - Meeting with client]">
      <![CDATA[java.lang.AssertionError: expected [Legal Case 11 - Meeting with client] but found [Custody 1 - Meeting with client]
at com.pom.ViewMeetingsPOM.assertMeetingName(ViewMeetingsPOM.java:211)
at com.pom.ViewMeetingsPOM.reptitionTextVerify2(ViewMeetingsPOM.java:566)
at com.test.CreateMeetingTestWeekRep.repetitionWeekly(CreateMeetingTestWeekRep.java:48)
at java.base/java.util.ArrayList.forEach(ArrayList.java:1511)
... Removed 31 stack frames]]>
    </failure>
  </testcase> <!-- repetitionWeekly -->
  <testcase classname="com.test.CreateMeetingTestWeekRep" name="repetitionWeekly" time="95.284">
    <failure type="java.lang.AssertionError" message="expected [Legal Case 11 - Meeting with client] but found [Custody 1 - Meeting with client]">
      <![CDATA[java.lang.AssertionError: expected [Legal Case 11 - Meeting with client] but found [Custody 1 - Meeting with client]
at com.pom.ViewMeetingsPOM.assertMeetingName(ViewMeetingsPOM.java:211)
at com.pom.ViewMeetingsPOM.reptitionTextVerify2(ViewMeetingsPOM.java:566)
at com.test.CreateMeetingTestWeekRep.repetitionWeekly(CreateMeetingTestWeekRep.java:48)
at java.base/java.util.ArrayList.forEach(ArrayList.java:1511)
... Removed 31 stack frames]]>
    </failure>
  </testcase> <!-- repetitionWeekly -->
  <testcase classname="com.test.CreateMeetingTestWeekRep" name="repetitionWeekly" time="81.409">
    <failure type="java.lang.AssertionError" message="expected [Legal Case 11 - Meeting with client] but found [Custody 1 - Meeting with client]">
      <![CDATA[java.lang.AssertionError: expected [Legal Case 11 - Meeting with client] but found [Custody 1 - Meeting with client]
at com.pom.ViewMeetingsPOM.assertMeetingName(ViewMeetingsPOM.java:211)
at com.pom.ViewMeetingsPOM.reptitionTextVerify2(ViewMeetingsPOM.java:566)
at com.test.CreateMeetingTestWeekRep.repetitionWeekly(CreateMeetingTestWeekRep.java:48)
at java.base/java.util.ArrayList.forEach(ArrayList.java:1511)
... Removed 31 stack frames]]>
    </failure>
  </testcase> <!-- repetitionWeekly -->
  <testcase classname="com.test.CreateMeetingTestWeekRep" name="repetitionWeekly" time="81.507">
    <failure type="java.lang.AssertionError" message="expected [Legal Case 11 - Meeting with client] but found [Custody 1 - Meeting with client]">
      <![CDATA[java.lang.AssertionError: expected [Legal Case 11 - Meeting with client] but found [Custody 1 - Meeting with client]
at com.pom.ViewMeetingsPOM.assertMeetingName(ViewMeetingsPOM.java:211)
at com.pom.ViewMeetingsPOM.reptitionTextVerify2(ViewMeetingsPOM.java:566)
at com.test.CreateMeetingTestWeekRep.repetitionWeekly(CreateMeetingTestWeekRep.java:48)
at java.base/java.util.ArrayList.forEach(ArrayList.java:1511)
... Removed 31 stack frames]]>
    </failure>
  </testcase> <!-- repetitionWeekly -->
  <testcase classname="com.test.CreateMeetingTestWeekRep" name="repetitionWeekly" time="95.814">
    <failure type="java.lang.AssertionError" message="expected [Legal Case 11 - Meeting with client] but found [Custody 1 - Meeting with client]">
      <![CDATA[java.lang.AssertionError: expected [Legal Case 11 - Meeting with client] but found [Custody 1 - Meeting with client]
at com.pom.ViewMeetingsPOM.assertMeetingName(ViewMeetingsPOM.java:211)
at com.pom.ViewMeetingsPOM.reptitionTextVerify2(ViewMeetingsPOM.java:566)
at com.test.CreateMeetingTestWeekRep.repetitionWeekly(CreateMeetingTestWeekRep.java:48)
at java.base/java.util.ArrayList.forEach(ArrayList.java:1511)
... Removed 31 stack frames]]>
    </failure>
  </testcase> <!-- repetitionWeekly -->
  <testcase classname="com.test.CreateMeetingTestWeekRep" name="repetitionWeekly" time="81.524">
    <failure type="java.lang.AssertionError" message="expected [Legal Case 11 - Meeting with client] but found [Custody 1 - Meeting with client]">
      <![CDATA[java.lang.AssertionError: expected [Legal Case 11 - Meeting with client] but found [Custody 1 - Meeting with client]
at com.pom.ViewMeetingsPOM.assertMeetingName(ViewMeetingsPOM.java:211)
at com.pom.ViewMeetingsPOM.reptitionTextVerify2(ViewMeetingsPOM.java:566)
at com.test.CreateMeetingTestWeekRep.repetitionWeekly(CreateMeetingTestWeekRep.java:48)
at java.base/java.util.ArrayList.forEach(ArrayList.java:1511)
... Removed 31 stack frames]]>
    </failure>
  </testcase> <!-- repetitionWeekly -->
  <testcase classname="com.test.CreateMeetingTestWeekRep" name="repetitionWeekly" time="83.04">
    <failure type="java.lang.AssertionError" message="expected [Legal Case 11 - Meeting with client] but found [Custody 1 - Meeting with client]">
      <![CDATA[java.lang.AssertionError: expected [Legal Case 11 - Meeting with client] but found [Custody 1 - Meeting with client]
at com.pom.ViewMeetingsPOM.assertMeetingName(ViewMeetingsPOM.java:211)
at com.pom.ViewMeetingsPOM.reptitionTextVerify2(ViewMeetingsPOM.java:566)
at com.test.CreateMeetingTestWeekRep.repetitionWeekly(CreateMeetingTestWeekRep.java:48)
at java.base/java.util.ArrayList.forEach(ArrayList.java:1511)
... Removed 31 stack frames]]>
    </failure>
  </testcase> <!-- repetitionWeekly -->
  <testcase classname="com.test.CreateMeetingTestWeekRep" name="repetitionWeekly" time="96.731">
    <failure type="java.lang.AssertionError" message="expected [Legal Case 11 - Meeting with client] but found [Custody 1 - Meeting with client]">
      <![CDATA[java.lang.AssertionError: expected [Legal Case 11 - Meeting with client] but found [Custody 1 - Meeting with client]
at com.pom.ViewMeetingsPOM.assertMeetingName(ViewMeetingsPOM.java:211)
at com.pom.ViewMeetingsPOM.reptitionTextVerify2(ViewMeetingsPOM.java:566)
at com.test.CreateMeetingTestWeekRep.repetitionWeekly(CreateMeetingTestWeekRep.java:48)
at java.base/java.util.ArrayList.forEach(ArrayList.java:1511)
... Removed 31 stack frames]]>
    </failure>
  </testcase> <!-- repetitionWeekly -->
  <testcase classname="com.test.CreateMeetingTestWeekRep" name="repetitionWeekly" time="96.332">
    <failure type="java.lang.AssertionError" message="expected [Legal Case 11 - Meeting with client] but found [Custody 1 - Meeting with client]">
      <![CDATA[java.lang.AssertionError: expected [Legal Case 11 - Meeting with client] but found [Custody 1 - Meeting with client]
at com.pom.ViewMeetingsPOM.assertMeetingName(ViewMeetingsPOM.java:211)
at com.pom.ViewMeetingsPOM.reptitionTextVerify2(ViewMeetingsPOM.java:566)
at com.test.CreateMeetingTestWeekRep.repetitionWeekly(CreateMeetingTestWeekRep.java:48)
at java.base/java.util.ArrayList.forEach(ArrayList.java:1511)
... Removed 31 stack frames]]>
    </failure>
  </testcase> <!-- repetitionWeekly -->
  <testcase classname="com.test.CreateMeetingTestWeekRep" name="repetitionWeekly" time="97.401">
    <failure type="java.lang.AssertionError" message="expected [Legal Case 11 - Meeting with client] but found [Custody 1 - Meeting with client]">
      <![CDATA[java.lang.AssertionError: expected [Legal Case 11 - Meeting with client] but found [Custody 1 - Meeting with client]
at com.pom.ViewMeetingsPOM.assertMeetingName(ViewMeetingsPOM.java:211)
at com.pom.ViewMeetingsPOM.reptitionTextVerify2(ViewMeetingsPOM.java:566)
at com.test.CreateMeetingTestWeekRep.repetitionWeekly(CreateMeetingTestWeekRep.java:48)
at java.base/java.util.ArrayList.forEach(ArrayList.java:1511)
... Removed 31 stack frames]]>
    </failure>
  </testcase> <!-- repetitionWeekly -->
</testsuite> <!-- Test -->
