<?xml version="1.0" encoding="UTF-8"?>
<!-- Generated by org.testng.reporters.JUnitXMLReporter -->
<testsuite ignored="0" hostname="DESKTOP-N596F8M" failures="0" tests="8" name="Test" time="448.879" errors="0" timestamp="2023-03-18T11:14:01 IST">
  <testcase classname="com.test.Creategroupsed" name="createdGroup" time="65.585"/>
  <testcase classname="com.test.ViewedGroups" name="viewGroupTabMenu" time="20.416"/>
  <testcase classname="com.test.ViewedGroups" name="viewgroupEditGroupInfo" time="19.057"/>
  <testcase classname="com.test.ViewedGroups" name="viewgroupUpdateGroupMember" time="99.153"/>
  <testcase classname="com.test.ViewedGroups" name="viewgroupUpdateGroupHead" time="31.806"/>
  <testcase classname="com.test.ViewedGroups" name="viewgroupAssignDeleteGroup" time="37.081"/>
  <testcase classname="com.test.CreateMemberAccount" name="createMemberAccountCreate" time="97.386"/>
  <testcase classname="com.test.ViewMember" name="viewMemberEditGroup" time="42.749"/>
</testsuite> <!-- Test -->
