<?xml version="1.0" encoding="UTF-8"?>
<!-- Generated by org.testng.reporters.JUnitXMLReporter -->
<testsuite ignored="0" hostname="DESKTOP-N596F8M" failures="2" tests="11" name="Test" time="519.657" errors="0" timestamp="2023-03-20T16:16:41 IST">
  <testcase classname="com.test.CreatedGroupTest" name="createdGroup" time="67.046"/>
  <testcase classname="com.test.ViewGroupsTest" name="viewGroupTabMenu" time="20.816"/>
  <testcase classname="com.test.ViewGroupsTest" name="viewgroupEditGroupInfo" time="19.639"/>
  <testcase classname="com.test.ViewGroupsTest" name="viewgroupUpdateGroupMember" time="98.433"/>
  <testcase classname="com.test.ViewGroupsTest" name="viewgroupUpdateGroupHead" time="32.299"/>
  <testcase classname="com.test.ViewGroupsTest" name="viewgroupAssignDeleteGroup" time="37.598"/>
  <testcase classname="com.test.CreateMemberTest" name="createMemberAccountCreate" time="98.635"/>
  <testcase classname="com.test.ViewMembersTest" name="viewMemberEditGroup" time="49.295"/>
  <testcase classname="com.test.ViewMembersTest" name="viewMemberUpdateGroupAccess" time="34.007"/>
  <testcase classname="com.test.ViewMembersTest" name="restPasswords" time="3.208">
    <failure type="org.openqa.selenium.ElementClickInterceptedException" message="element click intercepted: Element is not clickable at point (930, -101)
  (Session info: MicrosoftEdge=111.0.1661.44)
Build info: version: &amp;apos;4.7.0&amp;apos;, revision: &amp;apos;0a5b49d16f&amp;apos;
System info: os.name: &amp;apos;Windows 10&amp;apos;, os.arch: &amp;apos;amd64&amp;apos;, os.version: &amp;apos;10.0&amp;apos;, java.version: &amp;apos;18.0.2.1&amp;apos;
Driver info: org.openqa.selenium.edge.EdgeDriver
Command: [c53bfbbb70ad55ff28c1c54b48643b17, clickElement {id=ac458aff-eda9-48ff-9d2e-655b8328e90d}]
Capabilities {acceptInsecureCerts: false, browserName: msedge, browserVersion: 111.0.1661.44, ms:edgeOptions: {debuggerAddress: localhost:52365}, msedge: {msedgedriverVersion: 111.0.1661.44 (fc2a57ec5a41..., userDataDir: C:\Users\VENGAD~1\AppData\L...}, networkConnectionEnabled: false, pageLoadStrategy: normal, platformName: WINDOWS, proxy: Proxy(), se:cdp: ws://localhost:52365/devtoo..., se:cdpVersion: 111.0.1661.44, setWindowRect: true, strictFileInteractability: false, timeouts: {implicit: 0, pageLoad: 300000, script: 30000}, unhandledPromptBehavior: dismiss and notify, webauthn:extension:credBlob: true, webauthn:extension:largeBlob: true, webauthn:extension:minPinLength: true, webauthn:extension:prf: true, webauthn:virtualAuthenticators: true}
Element: [[EdgeDriver: msedge on WINDOWS (c53bfbbb70ad55ff28c1c54b48643b17)] -&amp;gt; xpath: //button[@routerlink=&amp;apos;/groups/view-member&amp;apos;]]
Session ID: c53bfbbb70ad55ff28c1c54b48643b17">
      <![CDATA[org.openqa.selenium.ElementClickInterceptedException: element click intercepted: Element is not clickable at point (930, -101)
  (Session info: MicrosoftEdge=111.0.1661.44)
Build info: version: '4.7.0', revision: '0a5b49d16f'
System info: os.name: 'Windows 10', os.arch: 'amd64', os.version: '10.0', java.version: '18.0.2.1'
Driver info: org.openqa.selenium.edge.EdgeDriver
Command: [c53bfbbb70ad55ff28c1c54b48643b17, clickElement {id=ac458aff-eda9-48ff-9d2e-655b8328e90d}]
Capabilities {acceptInsecureCerts: false, browserName: msedge, browserVersion: 111.0.1661.44, ms:edgeOptions: {debuggerAddress: localhost:52365}, msedge: {msedgedriverVersion: 111.0.1661.44 (fc2a57ec5a41..., userDataDir: C:\Users\VENGAD~1\AppData\L...}, networkConnectionEnabled: false, pageLoadStrategy: normal, platformName: WINDOWS, proxy: Proxy(), se:cdp: ws://localhost:52365/devtoo..., se:cdpVersion: 111.0.1661.44, setWindowRect: true, strictFileInteractability: false, timeouts: {implicit: 0, pageLoad: 300000, script: 30000}, unhandledPromptBehavior: dismiss and notify, webauthn:extension:credBlob: true, webauthn:extension:largeBlob: true, webauthn:extension:minPinLength: true, webauthn:extension:prf: true, webauthn:virtualAuthenticators: true}
Element: [[EdgeDriver: msedge on WINDOWS (c53bfbbb70ad55ff28c1c54b48643b17)] -> xpath: //button[@routerlink='/groups/view-member']]
Session ID: c53bfbbb70ad55ff28c1c54b48643b17
at org.openqa.selenium.remote.codec.w3c.W3CHttpResponseCodec.createException(W3CHttpResponseCodec.java:200)
at org.openqa.selenium.remote.codec.w3c.W3CHttpResponseCodec.decode(W3CHttpResponseCodec.java:133)
at org.openqa.selenium.remote.codec.w3c.W3CHttpResponseCodec.decode(W3CHttpResponseCodec.java:53)
at org.openqa.selenium.remote.HttpCommandExecutor.execute(HttpCommandExecutor.java:184)
at org.openqa.selenium.remote.service.DriverCommandExecutor.invokeExecute(DriverCommandExecutor.java:167)
at org.openqa.selenium.remote.service.DriverCommandExecutor.execute(DriverCommandExecutor.java:142)
at org.openqa.selenium.remote.RemoteWebDriver.execute(RemoteWebDriver.java:541)
at org.openqa.selenium.remote.RemoteWebElement.execute(RemoteWebElement.java:257)
at org.openqa.selenium.remote.RemoteWebElement.click(RemoteWebElement.java:78)
at org.openqa.selenium.support.pagefactory.internal.LocatingElementHandler.invoke(LocatingElementHandler.java:52)
at jdk.proxy2/jdk.proxy2.$Proxy17.click(Unknown Source)
at com.pom.ViewMembers.viewMemberTab(ViewMembers.java:39)
at com.test.ViewMembersTest.restPasswords(ViewMembersTest.java:34)
at java.base/java.util.ArrayList.forEach(ArrayList.java:1511)
... Removed 30 stack frames]]>
    </failure>
  </testcase> <!-- restPasswords -->
  <testcase classname="com.test.ViewMembersTest" name="deleteMemberAccount" time="3.123">
    <failure type="org.openqa.selenium.ElementClickInterceptedException" message="element click intercepted: Element &amp;lt;button _ngcontent-nuc-c205=&amp;quot;&amp;quot; type=&amp;quot;button&amp;quot; routerlink=&amp;quot;/groups/view-member&amp;quot; class=&amp;quot;btn btn-top&amp;quot; tabindex=&amp;quot;0&amp;quot;&amp;gt;...&amp;lt;/button&amp;gt; is not clickable at point (930, 25). Other element would receive the click: &amp;lt;p _ngcontent-nuc-c151=&amp;quot;&amp;quot; data-bs-container=&amp;quot;body&amp;quot; data-bs-toggle=&amp;quot;popover&amp;quot; title=&amp;quot;title&amp;quot; data-bs-placement=&amp;quot;bottom&amp;quot; data-bs-content=&amp;quot;Right popover&amp;quot; class=&amp;quot;username&amp;quot;&amp;gt;...&amp;lt;/p&amp;gt;
  (Session info: MicrosoftEdge=111.0.1661.44)
Build info: version: &amp;apos;4.7.0&amp;apos;, revision: &amp;apos;0a5b49d16f&amp;apos;
System info: os.name: &amp;apos;Windows 10&amp;apos;, os.arch: &amp;apos;amd64&amp;apos;, os.version: &amp;apos;10.0&amp;apos;, java.version: &amp;apos;18.0.2.1&amp;apos;
Driver info: org.openqa.selenium.edge.EdgeDriver
Command: [c53bfbbb70ad55ff28c1c54b48643b17, clickElement {id=ac458aff-eda9-48ff-9d2e-655b8328e90d}]
Capabilities {acceptInsecureCerts: false, browserName: msedge, browserVersion: 111.0.1661.44, ms:edgeOptions: {debuggerAddress: localhost:52365}, msedge: {msedgedriverVersion: 111.0.1661.44 (fc2a57ec5a41..., userDataDir: C:\Users\VENGAD~1\AppData\L...}, networkConnectionEnabled: false, pageLoadStrategy: normal, platformName: WINDOWS, proxy: Proxy(), se:cdp: ws://localhost:52365/devtoo..., se:cdpVersion: 111.0.1661.44, setWindowRect: true, strictFileInteractability: false, timeouts: {implicit: 0, pageLoad: 300000, script: 30000}, unhandledPromptBehavior: dismiss and notify, webauthn:extension:credBlob: true, webauthn:extension:largeBlob: true, webauthn:extension:minPinLength: true, webauthn:extension:prf: true, webauthn:virtualAuthenticators: true}
Element: [[EdgeDriver: msedge on WINDOWS (c53bfbbb70ad55ff28c1c54b48643b17)] -&amp;gt; xpath: //button[@routerlink=&amp;apos;/groups/view-member&amp;apos;]]
Session ID: c53bfbbb70ad55ff28c1c54b48643b17">
      <![CDATA[org.openqa.selenium.ElementClickInterceptedException: element click intercepted: Element <button _ngcontent-nuc-c205="" type="button" routerlink="/groups/view-member" class="btn btn-top" tabindex="0">...</button> is not clickable at point (930, 25). Other element would receive the click: <p _ngcontent-nuc-c151="" data-bs-container="body" data-bs-toggle="popover" title="title" data-bs-placement="bottom" data-bs-content="Right popover" class="username">...</p>
  (Session info: MicrosoftEdge=111.0.1661.44)
Build info: version: '4.7.0', revision: '0a5b49d16f'
System info: os.name: 'Windows 10', os.arch: 'amd64', os.version: '10.0', java.version: '18.0.2.1'
Driver info: org.openqa.selenium.edge.EdgeDriver
Command: [c53bfbbb70ad55ff28c1c54b48643b17, clickElement {id=ac458aff-eda9-48ff-9d2e-655b8328e90d}]
Capabilities {acceptInsecureCerts: false, browserName: msedge, browserVersion: 111.0.1661.44, ms:edgeOptions: {debuggerAddress: localhost:52365}, msedge: {msedgedriverVersion: 111.0.1661.44 (fc2a57ec5a41..., userDataDir: C:\Users\VENGAD~1\AppData\L...}, networkConnectionEnabled: false, pageLoadStrategy: normal, platformName: WINDOWS, proxy: Proxy(), se:cdp: ws://localhost:52365/devtoo..., se:cdpVersion: 111.0.1661.44, setWindowRect: true, strictFileInteractability: false, timeouts: {implicit: 0, pageLoad: 300000, script: 30000}, unhandledPromptBehavior: dismiss and notify, webauthn:extension:credBlob: true, webauthn:extension:largeBlob: true, webauthn:extension:minPinLength: true, webauthn:extension:prf: true, webauthn:virtualAuthenticators: true}
Element: [[EdgeDriver: msedge on WINDOWS (c53bfbbb70ad55ff28c1c54b48643b17)] -> xpath: //button[@routerlink='/groups/view-member']]
Session ID: c53bfbbb70ad55ff28c1c54b48643b17
at org.openqa.selenium.remote.codec.w3c.W3CHttpResponseCodec.createException(W3CHttpResponseCodec.java:200)
at org.openqa.selenium.remote.codec.w3c.W3CHttpResponseCodec.decode(W3CHttpResponseCodec.java:133)
at org.openqa.selenium.remote.codec.w3c.W3CHttpResponseCodec.decode(W3CHttpResponseCodec.java:53)
at org.openqa.selenium.remote.HttpCommandExecutor.execute(HttpCommandExecutor.java:184)
at org.openqa.selenium.remote.service.DriverCommandExecutor.invokeExecute(DriverCommandExecutor.java:167)
at org.openqa.selenium.remote.service.DriverCommandExecutor.execute(DriverCommandExecutor.java:142)
at org.openqa.selenium.remote.RemoteWebDriver.execute(RemoteWebDriver.java:541)
at org.openqa.selenium.remote.RemoteWebElement.execute(RemoteWebElement.java:257)
at org.openqa.selenium.remote.RemoteWebElement.click(RemoteWebElement.java:78)
at org.openqa.selenium.support.pagefactory.internal.LocatingElementHandler.invoke(LocatingElementHandler.java:52)
at jdk.proxy2/jdk.proxy2.$Proxy17.click(Unknown Source)
at com.pom.ViewMembers.viewMemberTab(ViewMembers.java:39)
at com.test.ViewMembersTest.deleteMemberAccount(ViewMembersTest.java:41)
at java.base/java.util.ArrayList.forEach(ArrayList.java:1511)
... Removed 30 stack frames]]>
    </failure>
  </testcase> <!-- deleteMemberAccount -->
</testsuite> <!-- Test -->
