<?xml version="1.0" encoding="UTF-8"?>
<!-- Generated by org.testng.reporters.JUnitXMLReporter -->
<testsuite ignored="0" hostname="DESKTOP-N596F8M" failures="6" tests="27" name="Test" time="1248.896" errors="0" timestamp="2023-06-29T15:50:28 IST">
  <testcase classname="com.test.CreateMatterNegative2Test" name="enterDetailsandClickCancel" time="42.747">
    <failure type="java.lang.AssertionError" message="expected [true] but found [false]">
      <![CDATA[java.lang.AssertionError: expected [true] but found [false]
at com.pom.CreateMatter.checkAllFieldsareEmptyinMatterinfoPage(CreateMatter.java:551)
at com.test.CreateMatterNegative2Test.enterDetailsandClickCancel(CreateMatterNegative2Test.java:23)
at java.base/java.util.ArrayList.forEach(ArrayList.java:1511)
... Removed 29 stack frames]]>
    </failure>
  </testcase> <!-- enterDetailsandClickCancel -->
  <testcase classname="com.test.CreateMatterNegative2Test" name="selectGroupsandClickCancel" time="44.697">
    <failure type="java.lang.AssertionError" message="expected [true] but found [false]">
      <![CDATA[java.lang.AssertionError: expected [true] but found [false]
at com.pom.CreateMatter.checkLeftSidegroupsSelectedNameareEmpty(CreateMatter.java:433)
at com.test.CreateMatterNegative2Test.selectGroupsandClickCancel(CreateMatterNegative2Test.java:43)
at java.base/java.util.ArrayList.forEach(ArrayList.java:1511)
... Removed 29 stack frames]]>
    </failure>
  </testcase> <!-- selectGroupsandClickCancel -->
  <testcase classname="com.test.CreateMatterNegative2Test" name="selectGroupSeletAllandClickCancel" time="40.332">
    <failure type="java.lang.AssertionError" message="expected [true] but found [false]">
      <![CDATA[java.lang.AssertionError: expected [true] but found [false]
at com.pom.CreateMatter.checkLeftSideSelectedNameareEmpty(CreateMatter.java:422)
at com.test.CreateMatterNegative2Test.selectGroupSeletAllandClickCancel(CreateMatterNegative2Test.java:62)
at java.base/java.util.ArrayList.forEach(ArrayList.java:1511)
... Removed 29 stack frames]]>
    </failure>
  </testcase> <!-- selectGroupSeletAllandClickCancel -->
  <testcase classname="com.test.CreateMatterNegative2Test" name="selectClientsandClickCancel" time="55.133"/>
  <testcase classname="com.test.CreateMatterNegative2Test" name="selectClientsSeletAllandClickCancel" time="55.257">
    <failure type="java.lang.AssertionError" message="expected [true] but found [false]">
      <![CDATA[java.lang.AssertionError: expected [true] but found [false]
at com.pom.CreateMatter.checkSelectAllCheckboxIsUnSelected(CreateMatter.java:458)
at com.test.CreateMatterNegative2Test.selectClientsSeletAllandClickCancel(CreateMatterNegative2Test.java:112)
at java.base/java.util.ArrayList.forEach(ArrayList.java:1511)
... Removed 29 stack frames]]>
    </failure>
  </testcase> <!-- selectClientsSeletAllandClickCancel -->
  <testcase classname="com.test.CreateMatterNegative2Test" name="selectTeamMemberandClickCancel" time="69.677"/>
  <testcase classname="com.test.CreateMatterNegative2Test" name="selectTeamMeberSeletAllandClickCancel" time="73.969">
    <failure type="java.lang.AssertionError" message="expected [true] but found [false]">
      <![CDATA[java.lang.AssertionError: expected [true] but found [false]
at com.pom.CreateMatter.checkSelectAllCheckboxIsUnSelected(CreateMatter.java:458)
at com.test.CreateMatterNegative2Test.selectTeamMeberSeletAllandClickCancel(CreateMatterNegative2Test.java:170)
at java.base/java.util.ArrayList.forEach(ArrayList.java:1511)
... Removed 29 stack frames]]>
    </failure>
  </testcase> <!-- selectTeamMeberSeletAllandClickCancel -->
  <testcase classname="com.test.CreateMatterNegative2Test" name="selectDocumentandClickCancel" time="79.145"/>
  <testcase classname="com.test.CreateMatterNegative2Test" name="selectDocumentsSeletAllandClickCancel" time="79.167">
    <failure type="java.lang.AssertionError" message="expected [true] but found [false]">
      <![CDATA[java.lang.AssertionError: expected [true] but found [false]
at com.pom.CreateMatter.checkSelectAllCheckboxIsUnSelected(CreateMatter.java:458)
at com.test.CreateMatterNegative2Test.selectDocumentsSeletAllandClickCancel(CreateMatterNegative2Test.java:234)
at java.base/java.util.ArrayList.forEach(ArrayList.java:1511)
... Removed 29 stack frames]]>
    </failure>
  </testcase> <!-- selectDocumentsSeletAllandClickCancel -->
  <testcase classname="com.test.CreateMatterNegative2Test" name="enterAllDetailsandConfirmPopupClickNO" time="80.271"/>
  <testcase classname="com.test.CreateMatterNegative2Test" name="enterAllDetailsandViewMatterPopup" time="75.776"/>
  <testcase classname="com.test.CreateMatterNegative2Test" name="enterAllDetailsWithoutTeamMemberandViewMatterPopup" time="68.643"/>
  <testcase classname="com.test.CreateMatterNegative2Test" name="enterAllDetailsWithoutDocumentandViewMatterPopup" time="68.583"/>
  <testcase classname="com.test.CreateMatterNegative2Test" name="enterAllDetailsWithoutTMandDocumentandViewMatterPopup" time="62.234"/>
  <testcase classname="com.test.CreateMatterNegative2Test" name="enterAllDetailsandSelectAllNames" time="59.358"/>
  <testcase classname="com.test.ViewMatterUpdateGroupsTest" name="selectGroupandUnSelectGroups" time="37.795"/>
  <testcase classname="com.test.ViewMatterUpdateGroupsTest" name="selectMultipleGroups" time="34.951"/>
  <testcase classname="com.test.ViewMatterUpdateGroupsTest" name="unSelectGroupandSelectGroups" time="36.08"/>
  <testcase classname="com.test.ViewMatterUpdateGroupsTest" name="unSelectMultipleGroups" time="24.991"/>
  <testcase classname="com.test.ViewMatterUpdateGroupsTest" name="alertMessageDisplayForClients" time="25.213"/>
  <testcase classname="com.test.ViewMatterUpdateGroupsTest" name="selectedGroupNamesareDisplay" time="24.141"/>
  <testcase classname="com.test.ViewMatterOpenCloseMatter" name="closeMatterwithCancelTest" time="13.389"/>
  <testcase classname="com.test.ViewMatterOpenCloseMatter" name="closeMattersTest" time="15.567"/>
  <testcase classname="com.test.ViewMatterOpenCloseMatter" name="reOpenMatterwithCancelTest" time="8.45"/>
  <testcase classname="com.test.ViewMatterOpenCloseMatter" name="reOpenMatterTest" time="14.402"/>
  <testcase classname="com.test.ViewMatterDeleteMatterTest" name="deleteMatterCancelTest" time="13.283"/>
  <testcase classname="com.test.ViewMatterDeleteMatterTest" name="deleteMatterTest" time="10.251"/>
</testsuite> <!-- Test -->
