<?xml version="1.0" encoding="UTF-8"?>
<!-- Generated by org.testng.reporters.JUnitXMLReporter -->
<testsuite ignored="0" hostname="DESKTOP-N596F8M" failures="2" tests="56" name="Test" time="823.977" errors="0" timestamp="2023-06-20T14:54:13 IST">
  <testcase classname="com.test.ViewMatterEditMatterInfoTest" name="editMatterInfoMandatoryWithDOF" time="13.306"/>
  <testcase classname="com.test.ViewMatterEditMatterInfoTest" name="editMatterInfoMandatoryWithDescription" time="12.394"/>
  <testcase classname="com.test.ViewMatterEditMatterInfoTest" name="editMatterInfoMandatoryWithCaseType" time="9.559"/>
  <testcase classname="com.test.ViewMatterEditMatterInfoTest" name="editMatterInfoMandatoryWithCourt" time="9.672"/>
  <testcase classname="com.test.ViewMatterEditMatterInfoTest" name="editMatterInfoMandatoryWithJudge" time="9.544"/>
  <testcase classname="com.test.ViewMatterEditMatterInfoTest" name="editMatterInfoMandatoryWithPriority" time="12.092"/>
  <testcase classname="com.test.ViewMatterEditMatterInfoTest" name="editMatterInfoMandatoryWithStatus" time="9.292"/>
  <testcase classname="com.test.ViewMatterEditMatterInfoTest" name="editMatterInfoMandatoryWithOpponentAdvocate" time="17.196"/>
  <testcase classname="com.test.ViewMatterEditMatterInfoTest" name="editMatterInfoMandatoryWithDOFandDescription" time="12.194"/>
  <testcase classname="com.test.ViewMatterEditMatterInfoTest" name="editMatterInfoMandatoryWithDOFandCasetype" time="12.21"/>
  <testcase classname="com.test.ViewMatterEditMatterInfoTest" name="editMatterInfoMandatoryWithDOFandCourt" time="12.293"/>
  <testcase classname="com.test.ViewMatterEditMatterInfoTest" name="editMatterInfoMandatoryWithDOFandJudge" time="12.255"/>
  <testcase classname="com.test.ViewMatterEditMatterInfoTest" name="editMatterInfoMandatoryWithDOFandPriority" time="14.742"/>
  <testcase classname="com.test.ViewMatterEditMatterInfoTest" name="editMatterInfoMandatoryWithDOFandStatus" time="12.062"/>
  <testcase classname="com.test.ViewMatterEditMatterInfoTest" name="editMatterInfoMandatoryWithDOFandOpponentAdvocates" time="19.435"/>
  <testcase classname="com.test.ViewMatterEditMatterInfoTest" name="editMatterInfoMandatoryWithDescriptionandCaseType" time="9.977"/>
  <testcase classname="com.test.ViewMatterEditMatterInfoTest" name="editMatterInfoMandatoryWithDescriptionandCourt" time="10.209"/>
  <testcase classname="com.test.ViewMatterEditMatterInfoTest" name="editMatterInfoMandatoryWithDescriptionandJudge" time="10.051"/>
  <testcase classname="com.test.ViewMatterEditMatterInfoTest" name="editMatterInfoMandatoryWithDescriptionandPriority" time="13.208"/>
  <testcase classname="com.test.ViewMatterEditMatterInfoTest" name="editMatterInfoMandatoryWithDescriptionandStatus" time="10.077"/>
  <testcase classname="com.test.ViewMatterEditMatterInfoTest" name="editMatterInfoMandatoryWithDescriptionandOpponentAdvocates" time="17.573"/>
  <testcase classname="com.test.ViewMatterEditMatterInfoTest" name="editMatterInfoMandatoryWithCaseTypeandCourt" time="10.365"/>
  <testcase classname="com.test.ViewMatterEditMatterInfoTest" name="editMatterInfoMandatoryWithCaseTypeandJudge" time="10.452"/>
  <testcase classname="com.test.ViewMatterEditMatterInfoTest" name="editMatterInfoMandatoryWithCaseTypeandPriority" time="13.352"/>
  <testcase classname="com.test.ViewMatterEditMatterInfoTest" name="editMatterInfoMandatoryWithCaseTypeandStatus" time="9.994"/>
  <testcase classname="com.test.ViewMatterEditMatterInfoTest" name="editMatterInfoMandatoryWithCaseTypeandOpponentAdvocates" time="17.231"/>
  <testcase classname="com.test.ViewMatterEditMatterInfoTest" name="editMatterInfoMandatoryWithCourtandJudge" time="10.391"/>
  <testcase classname="com.test.ViewMatterEditMatterInfoTest" name="editMatterInfoMandatoryWithCourtandPriority" time="13.647"/>
  <testcase classname="com.test.ViewMatterEditMatterInfoTest" name="editMatterInfoMandatoryWithCourtandStatus" time="9.947"/>
  <testcase classname="com.test.ViewMatterEditMatterInfoTest" name="editMatterInfoMandatoryWithCourtandOpponentAdvocates" time="17.158"/>
  <testcase classname="com.test.ViewMatterEditMatterInfoTest" name="editMatterInfoMandatoryWithJudgeandPriority" time="13.103"/>
  <testcase classname="com.test.ViewMatterEditMatterInfoTest" name="editMatterInfoMandatoryWithJudgeandStatus" time="10.153"/>
  <testcase classname="com.test.ViewMatterEditMatterInfoTest" name="editMatterInfoMandatoryWithJudgeandOpponentAdvocates" time="17.619"/>
  <testcase classname="com.test.ViewMatterEditMatterInfoTest" name="editMatterInfoMandatoryWithPriorityandStatus" time="13.165"/>
  <testcase classname="com.test.ViewMatterEditMatterInfoTest" name="editMatterInfoMandatoryWithPriorityandOpponentAdvocates" time="20.526"/>
  <testcase classname="com.test.ViewMatterEditMatterInfoTest" name="editMatterInfoMandatoryWithStatusandOpponentAdvocates" time="17.324"/>
  <testcase classname="com.test.ViewMatterEditMatterInfoTest" name="editMatterInfoMandatoryWithDOFDescriptionandCaseType" time="13.661"/>
  <testcase classname="com.test.ViewMatterEditMatterInfoTest" name="editMatterInfoMandatoryWithDOFDescriptionandCourt" time="12.778"/>
  <testcase classname="com.test.ViewMatterEditMatterInfoTest" name="editMatterInfoMandatoryWithDOFDescriptionandJudge" time="12.547"/>
  <testcase classname="com.test.ViewMatterEditMatterInfoTest" name="editMatterInfoMandatoryWithDOFDescriptionandPriority" time="16.084"/>
  <testcase classname="com.test.ViewMatterEditMatterInfoTest" name="editMatterInfoMandatoryWithDOFDescriptionandStatus" time="12.587"/>
  <testcase classname="com.test.ViewMatterEditMatterInfoTest" name="editMatterInfoMandatoryWithDOFDescriptionandOpponentAdvocates" time="20.35"/>
  <testcase classname="com.test.ViewMatterEditMatterInfoTest" name="editMatterInfoMandatoryWithDOFDescriptionCaseTypeandCourt" time="13.451"/>
  <testcase classname="com.test.ViewMatterEditMatterInfoTest" name="editMatterInfoMandatoryWithDOFDescriptionCaseTypeandJudge" time="13.631"/>
  <testcase classname="com.test.ViewMatterEditMatterInfoTest" name="editMatterInfoMandatoryWithDOFDescriptionCaseTypeandPriority" time="16.109"/>
  <testcase classname="com.test.ViewMatterEditMatterInfoTest" name="editMatterInfoMandatoryWithDOFDescriptionCaseTypeandStatus" time="13.099"/>
  <testcase classname="com.test.ViewMatterEditMatterInfoTest" name="editMatterInfoMandatoryWithDOFDescriptionCaseTypeandOpponent" time="20.833"/>
  <testcase classname="com.test.ViewMatterEditMatterInfoTest" name="editMatterInfoMandatoryWithDOFDescriptionCaseTypeCourtandJudge" time="13.793"/>
  <testcase classname="com.test.ViewMatterEditMatterInfoTest" name="editMatterInfoMandatoryWithDOFDescriptionCaseTypeCourtandPriority" time="16.676"/>
  <testcase classname="com.test.ViewMatterEditMatterInfoTest" name="editMatterInfoMandatoryWithDOFDescriptionCaseTypeCourtandStatus" time="13.586"/>
  <testcase classname="com.test.ViewMatterEditMatterInfoTest" name="editMatterInfoMandatoryWithDOFDescriptionCaseTypeCourtandOpponent" time="20.995"/>
  <testcase classname="com.test.ViewMatterEditMatterInfoTest" name="editMatterInfoMandatoryWithDOFDescriptionCaseTypeCourtJugeandPriority" time="17.054"/>
  <testcase classname="com.test.ViewMatterEditMatterInfoTest" name="editMatterInfoMandatoryWithDOFDescriptionCaseTypeCourtJugeandStatus" time="13.847"/>
  <testcase classname="com.test.ViewMatterEditMatterInfoTest" name="editMatterInfoMandatoryWithDOFDescriptionCaseTypeCourtJugeandOpponent" time="21.555"/>
  <testcase classname="com.test.ViewMatterEditMatterInfoTest" name="editMatterInfoMandatoryWithDescriptionCaseTypeandCourt" time="30.614">
    <failure type="org.openqa.selenium.TimeoutException" message="Expected condition failed: waiting for visibility of Proxy element for: DefaultElementLocator &amp;apos;By.xpath: //button[@class=&amp;apos;btn btn-default alertbtn&amp;apos;]&amp;apos; (tried for 10 second(s) with 500 milliseconds interval)">
      <![CDATA[org.openqa.selenium.TimeoutException: Expected condition failed: waiting for visibility of Proxy element for: DefaultElementLocator 'By.xpath: //button[@class='btn btn-default alertbtn']' (tried for 10 second(s) with 500 milliseconds interval)
at org.openqa.selenium.support.ui.WebDriverWait.timeoutException(WebDriverWait.java:87)
at org.openqa.selenium.support.ui.FluentWait.until(FluentWait.java:231)
at com.abst.Reusable.visibilityOfElementWait(Reusable.java:105)
at com.pom.ViewMatterPOM.successPopupEditMatterInfo(ViewMatterPOM.java:220)
at com.test.ViewMatterEditMatterInfoTest.editMatterInfoMandatoryWithDescriptionCaseTypeandCourt(ViewMatterEditMatterInfoTest.java:973)
at java.base/java.util.ArrayList.forEach(ArrayList.java:1511)
Caused by: org.openqa.selenium.NoSuchElementException: no such element: Unable to locate element: {"method":"xpath","selector":"//button[@class='btn btn-default alertbtn']"}
  (Session info: chrome=114.0.5735.134)
For documentation on this error, please visit: https://selenium.dev/exceptions/#no_such_element
Build info: version: '4.7.0', revision: '0a5b49d16f'
System info: os.name: 'Windows 10', os.arch: 'amd64', os.version: '10.0', java.version: '18.0.2.1'
Driver info: org.openqa.selenium.chrome.ChromeDriver
Command: [36d71af7377dc3c5322eb6ff25d19050, findElement {using=xpath, value=//button[@class='btn btn-default alertbtn']}]
Capabilities {acceptInsecureCerts: false, browserName: chrome, browserVersion: 114.0.5735.134, chrome: {chromedriverVersion: 114.0.5735.90 (386bc09e8f4f..., userDataDir: C:\Users\VENGAD~1\AppData\L...}, goog:chromeOptions: {debuggerAddress: localhost:51111}, networkConnectionEnabled: false, pageLoadStrategy: normal, platformName: WINDOWS, proxy: Proxy(), se:cdp: ws://localhost:51111/devtoo..., se:cdpVersion: 114.0.5735.134, setWindowRect: true, strictFileInteractability: false, timeouts: {implicit: 0, pageLoad: 300000, script: 30000}, unhandledPromptBehavior: dismiss and notify, webauthn:extension:credBlob: true, webauthn:extension:largeBlob: true, webauthn:extension:minPinLength: true, webauthn:extension:prf: true, webauthn:virtualAuthenticators: true}
Session ID: 36d71af7377dc3c5322eb6ff25d19050
at org.openqa.selenium.remote.codec.w3c.W3CHttpResponseCodec.createException(W3CHttpResponseCodec.java:200)
at org.openqa.selenium.remote.codec.w3c.W3CHttpResponseCodec.decode(W3CHttpResponseCodec.java:133)
at org.openqa.selenium.remote.codec.w3c.W3CHttpResponseCodec.decode(W3CHttpResponseCodec.java:53)
at org.openqa.selenium.remote.HttpCommandExecutor.execute(HttpCommandExecutor.java:184)
at org.openqa.selenium.remote.service.DriverCommandExecutor.invokeExecute(DriverCommandExecutor.java:167)
at org.openqa.selenium.remote.service.DriverCommandExecutor.execute(DriverCommandExecutor.java:142)
at org.openqa.selenium.remote.RemoteWebDriver.execute(RemoteWebDriver.java:541)
at org.openqa.selenium.remote.ElementLocation$ElementFinder$2.findElement(ElementLocation.java:162)
at org.openqa.selenium.remote.ElementLocation.findElement(ElementLocation.java:60)
at org.openqa.selenium.remote.RemoteWebDriver.findElement(RemoteWebDriver.java:365)
at org.openqa.selenium.remote.RemoteWebDriver.findElement(RemoteWebDriver.java:357)
at org.openqa.selenium.support.pagefactory.DefaultElementLocator.findElement(DefaultElementLocator.java:70)
at org.openqa.selenium.support.pagefactory.internal.LocatingElementHandler.invoke(LocatingElementHandler.java:39)
at jdk.proxy2/jdk.proxy2.$Proxy18.isDisplayed(Unknown Source)
at org.openqa.selenium.support.ui.ExpectedConditions.elementIfVisible(ExpectedConditions.java:307)
at org.openqa.selenium.support.ui.ExpectedConditions.access$000(ExpectedConditions.java:40)
at org.openqa.selenium.support.ui.ExpectedConditions$10.apply(ExpectedConditions.java:293)
at org.openqa.selenium.support.ui.ExpectedConditions$10.apply(ExpectedConditions.java:290)
at org.openqa.selenium.support.ui.FluentWait.until(FluentWait.java:208)
... 29 more
... Removed 28 stack frames]]>
    </failure>
  </testcase> <!-- editMatterInfoMandatoryWithDescriptionCaseTypeandCourt -->
  <testcase classname="com.test.ViewMatterEditMatterInfoTest" name="editMatterInfoMandatoryWithDescriptionCaseTypeandJudge" time="22.27">
    <failure type="org.openqa.selenium.TimeoutException" message="Expected condition failed: waiting for visibility of Proxy element for: DefaultElementLocator &amp;apos;By.xpath: //input[@placeholder=&amp;apos;Search Group&amp;apos;]&amp;apos; (tried for 10 second(s) with 500 milliseconds interval)">
      <![CDATA[org.openqa.selenium.TimeoutException: Expected condition failed: waiting for visibility of Proxy element for: DefaultElementLocator 'By.xpath: //input[@placeholder='Search Group']' (tried for 10 second(s) with 500 milliseconds interval)
at org.openqa.selenium.support.ui.WebDriverWait.timeoutException(WebDriverWait.java:87)
at org.openqa.selenium.support.ui.FluentWait.until(FluentWait.java:231)
at com.abst.Reusable.visibilityOfElementWait(Reusable.java:105)
at com.pom.ViewMatterPOM.searchBarFieldsandActionBtn(ViewMatterPOM.java:259)
at com.test.ViewMatterEditMatterInfoTest.editMatterInfoMandatoryWithDescriptionCaseTypeandJudge(ViewMatterEditMatterInfoTest.java:982)
at java.base/java.util.ArrayList.forEach(ArrayList.java:1511)
Caused by: org.openqa.selenium.NoSuchElementException: no such element: Unable to locate element: {"method":"xpath","selector":"//input[@placeholder='Search Group']"}
  (Session info: chrome=114.0.5735.134)
For documentation on this error, please visit: https://selenium.dev/exceptions/#no_such_element
Build info: version: '4.7.0', revision: '0a5b49d16f'
System info: os.name: 'Windows 10', os.arch: 'amd64', os.version: '10.0', java.version: '18.0.2.1'
Driver info: org.openqa.selenium.chrome.ChromeDriver
Command: [36d71af7377dc3c5322eb6ff25d19050, findElement {using=xpath, value=//input[@placeholder='Search Group']}]
Capabilities {acceptInsecureCerts: false, browserName: chrome, browserVersion: 114.0.5735.134, chrome: {chromedriverVersion: 114.0.5735.90 (386bc09e8f4f..., userDataDir: C:\Users\VENGAD~1\AppData\L...}, goog:chromeOptions: {debuggerAddress: localhost:51111}, networkConnectionEnabled: false, pageLoadStrategy: normal, platformName: WINDOWS, proxy: Proxy(), se:cdp: ws://localhost:51111/devtoo..., se:cdpVersion: 114.0.5735.134, setWindowRect: true, strictFileInteractability: false, timeouts: {implicit: 0, pageLoad: 300000, script: 30000}, unhandledPromptBehavior: dismiss and notify, webauthn:extension:credBlob: true, webauthn:extension:largeBlob: true, webauthn:extension:minPinLength: true, webauthn:extension:prf: true, webauthn:virtualAuthenticators: true}
Session ID: 36d71af7377dc3c5322eb6ff25d19050
at org.openqa.selenium.remote.codec.w3c.W3CHttpResponseCodec.createException(W3CHttpResponseCodec.java:200)
at org.openqa.selenium.remote.codec.w3c.W3CHttpResponseCodec.decode(W3CHttpResponseCodec.java:133)
at org.openqa.selenium.remote.codec.w3c.W3CHttpResponseCodec.decode(W3CHttpResponseCodec.java:53)
at org.openqa.selenium.remote.HttpCommandExecutor.execute(HttpCommandExecutor.java:184)
at org.openqa.selenium.remote.service.DriverCommandExecutor.invokeExecute(DriverCommandExecutor.java:167)
at org.openqa.selenium.remote.service.DriverCommandExecutor.execute(DriverCommandExecutor.java:142)
at org.openqa.selenium.remote.RemoteWebDriver.execute(RemoteWebDriver.java:541)
at org.openqa.selenium.remote.ElementLocation$ElementFinder$2.findElement(ElementLocation.java:162)
at org.openqa.selenium.remote.ElementLocation.findElement(ElementLocation.java:60)
at org.openqa.selenium.remote.RemoteWebDriver.findElement(RemoteWebDriver.java:365)
at org.openqa.selenium.remote.RemoteWebDriver.findElement(RemoteWebDriver.java:357)
at org.openqa.selenium.support.pagefactory.DefaultElementLocator.findElement(DefaultElementLocator.java:70)
at org.openqa.selenium.support.pagefactory.internal.LocatingElementHandler.invoke(LocatingElementHandler.java:39)
at jdk.proxy2/jdk.proxy2.$Proxy18.isDisplayed(Unknown Source)
at org.openqa.selenium.support.ui.ExpectedConditions.elementIfVisible(ExpectedConditions.java:307)
at org.openqa.selenium.support.ui.ExpectedConditions.access$000(ExpectedConditions.java:40)
at org.openqa.selenium.support.ui.ExpectedConditions$10.apply(ExpectedConditions.java:293)
at org.openqa.selenium.support.ui.ExpectedConditions$10.apply(ExpectedConditions.java:290)
at org.openqa.selenium.support.ui.FluentWait.until(FluentWait.java:208)
... 29 more
... Removed 28 stack frames]]>
    </failure>
  </testcase> <!-- editMatterInfoMandatoryWithDescriptionCaseTypeandJudge -->
</testsuite> <!-- Test -->
