<?xml version="1.0" encoding="UTF-8"?>
<!-- Generated by org.testng.reporters.JUnitXMLReporter -->
<testsuite ignored="0" hostname="DESKTOP-N596F8M" failures="0" tests="5" name="Test" time="151.508" errors="0" timestamp="2023-03-09T16:59:33 IST">
  <testcase classname="com.test.LoginPageTest" name="loginCheck" time="27.404"/>
  <testcase classname="com.test.LoginPageTest" name="createdGroup" time="42.266"/>
  <testcase classname="com.test.LoginPageTest" name="createdGroup" time="30.752"/>
  <testcase classname="com.test.ViewedGroups" name="loginCheck" time="27.33"/>
  <testcase classname="com.test.ViewedGroups" name="viewgroupEditGroupInfo" time="23.379"/>
</testsuite> <!-- Test -->
