<?xml version="1.0" encoding="UTF-8"?>
<!-- Generated by org.testng.reporters.JUnitXMLReporter -->
<testsuite ignored="0" hostname="DESKTOP-N596F8M" failures="0" tests="11" name="Test" time="585.401" errors="0" timestamp="2023-03-27T11:18:57 IST">
  <testcase classname="com.test.CreatedGroupTest" name="createdGroup" time="72.032"/>
  <testcase classname="com.test.ViewGroupsTest" name="viewGroupTabMenu" time="20.327"/>
  <testcase classname="com.test.ViewGroupsTest" name="viewgroupEditGroupInfo" time="18.648"/>
  <testcase classname="com.test.ViewGroupsTest" name="viewgroupUpdateGroupMember" time="97.235"/>
  <testcase classname="com.test.ViewGroupsTest" name="viewgroupUpdateGroupHead" time="35.692"/>
  <testcase classname="com.test.ViewGroupsTest" name="viewgroupAssignDeleteGroup" time="43.83"/>
  <testcase classname="com.test.CreateMemberTest" name="createMemberAccountCreate" time="96.32"/>
  <testcase classname="com.test.ViewMembersTest" name="viewMemberEditGroup" time="52.316"/>
  <testcase classname="com.test.ViewMembersTest" name="viewMemberUpdateGroupAccess" time="37.348"/>
  <testcase classname="com.test.ViewMembersTest" name="newRestPasswords" time="30.872"/>
  <testcase classname="com.test.ViewMembersTest" name="newdeleteMemberAccount" time="30.822"/>
</testsuite> <!-- Test -->
