<?xml version="1.0" encoding="UTF-8"?>
<testng-results ignored="26" total="27" passed="1" failed="0" skipped="0">
  <reporter-output>
  </reporter-output>
  <suite started-at="2023-07-25T17:00:58 IST" name="Default suite" finished-at="2023-07-25T17:02:03 IST" duration-ms="64776">
    <groups>
    </groups>
    <test started-at="2023-07-25T17:00:58 IST" name="Default test" finished-at="2023-07-25T17:02:03 IST" duration-ms="64776">
      <class name="com.test.ViewMatterGeneralViewDetailTest1">
        <test-method is-config="true" signature="launchApplication()[pri:0, instance:com.test.ViewMatterGeneralViewDetailTest1@1fa121e2]" started-at="2023-07-25T17:00:58 IST" name="launchApplication" finished-at="2023-07-25T17:01:17 IST" duration-ms="19319" status="PASS">
          <reporter-output>
          </reporter-output>
        </test-method> <!-- launchApplication -->
        <test-method signature="editMatterInfoWithTeamMembers(java.util.HashMap)[pri:11, instance:com.test.ViewMatterGeneralViewDetailTest1@1fa121e2]" started-at="2023-07-25T17:01:19 IST" name="editMatterInfoWithTeamMembers" data-provider="getData10" finished-at="2023-07-25T17:02:02 IST" duration-ms="43189" status="PASS">
          <params>
            <param index="0">
              <value>
                <![CDATA[{matterNumber=AGHW64, endDate= 25 , caseTitle=Adult Court Transfer, description=There are also other joint-custody arrangements, comment=10.editMatterInfoWithTeamMembers, matterType=Individuals, startDate= 17 , matterName=Matter Team Test}]]>
              </value>
            </param>
          </params>
          <reporter-output>
          </reporter-output>
        </test-method> <!-- editMatterInfoWithTeamMembers -->
        <test-method is-config="true" signature="down()[pri:0, instance:com.test.ViewMatterGeneralViewDetailTest1@1fa121e2]" started-at="2023-07-25T17:02:02 IST" name="down" finished-at="2023-07-25T17:02:03 IST" duration-ms="806" status="PASS">
          <reporter-output>
          </reporter-output>
        </test-method> <!-- down -->
      </class> <!-- com.test.ViewMatterGeneralViewDetailTest1 -->
    </test> <!-- Default test -->
  </suite> <!-- Default suite -->
</testng-results>
