<?xml version="1.0" encoding="UTF-8"?>
<testng-results ignored="0" total="1" passed="1" failed="0" skipped="0">
  <reporter-output>
  </reporter-output>
  <suite started-at="2023-10-06T12:14:39 IST" name="Default suite" finished-at="2023-10-06T12:15:54 IST" duration-ms="74706">
    <groups>
    </groups>
    <test started-at="2023-10-06T12:14:39 IST" name="Default test" finished-at="2023-10-06T12:15:54 IST" duration-ms="74706">
      <class name="com.test.CreatedGroupTest">
        <test-method is-config="true" signature="launchApplication()[pri:0, instance:com.test.CreatedGroupTest@34e9fd99]" started-at="2023-10-06T12:14:39 IST" name="launchApplication" finished-at="2023-10-06T12:14:47 IST" duration-ms="8352" status="PASS">
          <reporter-output>
          </reporter-output>
        </test-method> <!-- launchApplication -->
        <test-method signature="createdGroup(java.util.HashMap)[pri:0, instance:com.test.CreatedGroupTest@34e9fd99]" started-at="2023-10-06T12:14:48 IST" name="createdGroup" data-provider="getData" finished-at="2023-10-06T12:15:54 IST" duration-ms="65526" status="PASS">
          <params>
            <param index="0">
              <value>
                <![CDATA[{groupName=Civil Laws Case, addMember3=Ananth - TM, addMember4=Test Team, addMember5=shabarish, description=Data stored client related, addMember1=Zavier Moore, addMember2=Harish}]]>
              </value>
            </param>
          </params>
          <reporter-output>
          </reporter-output>
        </test-method> <!-- createdGroup -->
        <test-method is-config="true" signature="down()[pri:0, instance:com.test.CreatedGroupTest@34e9fd99]" started-at="2023-10-06T12:15:54 IST" name="down" finished-at="2023-10-06T12:15:54 IST" duration-ms="2" status="PASS">
          <reporter-output>
          </reporter-output>
        </test-method> <!-- down -->
      </class> <!-- com.test.CreatedGroupTest -->
    </test> <!-- Default test -->
  </suite> <!-- Default suite -->
</testng-results>
