<?xml version="1.0" encoding="UTF-8"?>
<testng-results ignored="0" total="2" passed="2" failed="0" skipped="0">
  <reporter-output>
  </reporter-output>
  <suite started-at="2023-05-18T16:50:52 IST" name="Default suite" finished-at="2023-05-18T16:54:49 IST" duration-ms="237667">
    <groups>
    </groups>
    <test started-at="2023-05-18T16:50:52 IST" name="Default test" finished-at="2023-05-18T16:54:49 IST" duration-ms="237667">
      <class name="com.test.DuplicateCreateMatterTest2">
        <test-method is-config="true" signature="launchApplication()[pri:0, instance:com.test.DuplicateCreateMatterTest2@5e5d171f]" started-at="2023-05-18T16:50:52 IST" name="launchApplication" finished-at="2023-05-18T16:51:08 IST" duration-ms="16232" status="PASS">
          <reporter-output>
          </reporter-output>
        </test-method> <!-- launchApplication -->
        <test-method signature="allFieldsClientsIndividuals(java.util.HashMap)[pri:0, instance:com.test.DuplicateCreateMatterTest2@5e5d171f]" started-at="2023-05-18T16:51:09 IST" name="allFieldsClientsIndividuals" data-provider="getData1" finished-at="2023-05-18T16:53:04 IST" duration-ms="115351" status="PASS">
          <params>
            <param index="0">
              <value>
                <![CDATA[{date= 25 , caseTitle=Sample File, description=Hello World, prioritySelect=Medium, caseType=Individuals, advocateEmail=vem@gm.com, groupName2=Family Law, clientName2=Ananth kumar, courtName=High Court, advocateName=Venkatesh, caseNumber=B782, clientName1=Neela Chinnappa, advocatePhone=9876543210, judges=Mukesh, groupName1=Immigration Law}]]>
              </value>
            </param>
          </params>
          <reporter-output>
          </reporter-output>
        </test-method> <!-- allFieldsClientsIndividuals -->
        <test-method signature="fieldsClientsIndividuals(java.util.HashMap)[pri:1, instance:com.test.DuplicateCreateMatterTest2@5e5d171f]" started-at="2023-05-18T16:53:04 IST" name="fieldsClientsIndividuals" data-provider="getData2" finished-at="2023-05-18T16:54:49 IST" duration-ms="104606" status="PASS">
          <params>
            <param index="0">
              <value>
                <![CDATA[{date= 28 , caseTitle=Sample File18, description=Second data verify, prioritySelect=Low, caseType=Criminal Lawyer, advocateEmail=harish@gm.com, groupName2=Family Law, clientName2=Ananth kumar, courtName=Madras Court, advocateName=harish, caseNumber=MKI45, clientName1=Neela Chinnappa, advocatePhone=9876543210, judges=Raj, groupName1=Immigration Law}]]>
              </value>
            </param>
          </params>
          <reporter-output>
          </reporter-output>
        </test-method> <!-- fieldsClientsIndividuals -->
        <test-method is-config="true" signature="down()[pri:0, instance:com.test.DuplicateCreateMatterTest2@5e5d171f]" started-at="2023-05-18T16:54:49 IST" name="down" finished-at="2023-05-18T16:54:49 IST" duration-ms="265" status="PASS">
          <reporter-output>
          </reporter-output>
        </test-method> <!-- down -->
      </class> <!-- com.test.DuplicateCreateMatterTest2 -->
    </test> <!-- Default test -->
  </suite> <!-- Default suite -->
</testng-results>
