<?xml version="1.0" encoding="UTF-8"?>
<testng-results ignored="4" total="8" passed="3" failed="1" skipped="0">
  <reporter-output>
  </reporter-output>
  <suite started-at="2023-04-12T14:44:49 IST" name="Default suite" finished-at="2023-04-12T14:56:21 IST" duration-ms="691544">
    <groups>
    </groups>
    <test started-at="2023-04-12T14:44:49 IST" name="Default test" finished-at="2023-04-12T14:56:21 IST" duration-ms="691544">
      <class name="com.test.CreateMatterTest">
        <test-method is-config="true" signature="launchApplication()[pri:0, instance:com.test.CreateMatterTest@1f2586d6]" started-at="2023-04-12T14:44:49 IST" name="launchApplication" finished-at="2023-04-12T14:44:59 IST" duration-ms="9632" status="PASS">
          <reporter-output>
          </reporter-output>
        </test-method> <!-- launchApplication -->
        <test-method signature="allFieldsEnteredandSelectNames(java.util.HashMap)[pri:4, instance:com.test.CreateMatterTest@1f2586d6]" started-at="2023-04-12T14:44:59 IST" name="allFieldsEnteredandSelectNames" data-provider="getData4" finished-at="2023-04-12T14:49:43 IST" duration-ms="284237" status="PASS">
          <params>
            <param index="0">
              <value>
                <![CDATA[{date= 15 , documentName1=EC2 - DC2021081200030_EID, documentName2=EC2 - DC2021081200030_Visa, caseTitle=Legal Case all Fields new case, description=Temporary details are saved, memberName1=Vengadesh RSB, prioritySelect=Medium, memberName2=Karthick RSB TM, caseType=Individuals, advocateEmail=ramesh@vit.com, groupName3=Calendar Testing, clientName3=Production Test Entity, groupName2=Corporative Law, clientName2=Vengadesh RSB Firm, courtName=High Court, advocateName=Ramesh, caseNumber=P745, clientName1=Mani R, advocatePhone=9966339966, judges=Micheal, groupName1=Group Checkt}]]>
              </value>
            </param>
          </params>
          <reporter-output>
          </reporter-output>
        </test-method> <!-- allFieldsEnteredandSelectNames -->
        <test-method signature="allFieldsWithoutTeamMemberandDocument(java.util.HashMap)[pri:5, instance:com.test.CreateMatterTest@1f2586d6]" started-at="2023-04-12T14:49:43 IST" name="allFieldsWithoutTeamMemberandDocument" data-provider="getData5" finished-at="2023-04-12T14:49:48 IST" duration-ms="4231" status="FAIL">
          <params>
            <param index="0">
              <value>
                <![CDATA[{date= 25 , caseTitle=Legal Case No TM and Docum, description=Temporary details are saved, prioritySelect=Low, caseType=Individuals, advocateEmail=Vasanth@vit.com, groupName3=Calendar Testing, groupName2=Corporative Law, clientName2=Vengadesh RSB Firm, courtName=Supreme Court, advocateName=Vasanth, caseNumber=N785, clientName1=Mani R, advocatePhone=1122331122, judges=Joe, groupName1=Group Checkt}]]>
              </value>
            </param>
          </params>
          <exception class="org.openqa.selenium.ElementClickInterceptedException">
            <message>
              <![CDATA[element click intercepted: Element <img _ngcontent-hiu-c151="" class="mattersicon" src="assets/img/Matters.svg"> is not clickable at point (35, 47). Other element would receive the click: <img _ngcontent-hiu-c151="" src="assets/img/logo.svg" class="logoicon">
  (Session info: chrome=112.0.5615.50)
Build info: version: '4.7.0', revision: '0a5b49d16f'
System info: os.name: 'Windows 10', os.arch: 'amd64', os.version: '10.0', java.version: '18.0.2.1'
Driver info: org.openqa.selenium.chrome.ChromeDriver
Command: [041f17addf42e6d8c019361b9f80cac9, clickElement {id=9158b4c8-70b1-42b0-b5b4-57493f4e1f63}]
Capabilities {acceptInsecureCerts: false, browserName: chrome, browserVersion: 112.0.5615.50, chrome: {chromedriverVersion: 112.0.5615.49 (bd2a7bcb881c..., userDataDir: C:\Users\VENGAD~1\AppData\L...}, goog:chromeOptions: {debuggerAddress: localhost:53329}, networkConnectionEnabled: false, pageLoadStrategy: normal, platformName: WINDOWS, proxy: Proxy(), se:cdp: ws://localhost:53329/devtoo..., se:cdpVersion: 112.0.5615.50, setWindowRect: true, strictFileInteractability: false, timeouts: {implicit: 0, pageLoad: 300000, script: 30000}, unhandledPromptBehavior: dismiss and notify, webauthn:extension:credBlob: true, webauthn:extension:largeBlob: true, webauthn:extension:minPinLength: true, webauthn:extension:prf: true, webauthn:virtualAuthenticators: true}
Element: [[ChromeDriver: chrome on WINDOWS (041f17addf42e6d8c019361b9f80cac9)] -> xpath: (//div //img[@class='mattersicon'])[1]]
Session ID: 041f17addf42e6d8c019361b9f80cac9]]>
            </message>
            <full-stacktrace>
              <![CDATA[org.openqa.selenium.ElementClickInterceptedException: element click intercepted: Element <img _ngcontent-hiu-c151="" class="mattersicon" src="assets/img/Matters.svg"> is not clickable at point (35, 47). Other element would receive the click: <img _ngcontent-hiu-c151="" src="assets/img/logo.svg" class="logoicon">
  (Session info: chrome=112.0.5615.50)
Build info: version: '4.7.0', revision: '0a5b49d16f'
System info: os.name: 'Windows 10', os.arch: 'amd64', os.version: '10.0', java.version: '18.0.2.1'
Driver info: org.openqa.selenium.chrome.ChromeDriver
Command: [041f17addf42e6d8c019361b9f80cac9, clickElement {id=9158b4c8-70b1-42b0-b5b4-57493f4e1f63}]
Capabilities {acceptInsecureCerts: false, browserName: chrome, browserVersion: 112.0.5615.50, chrome: {chromedriverVersion: 112.0.5615.49 (bd2a7bcb881c..., userDataDir: C:\Users\VENGAD~1\AppData\L...}, goog:chromeOptions: {debuggerAddress: localhost:53329}, networkConnectionEnabled: false, pageLoadStrategy: normal, platformName: WINDOWS, proxy: Proxy(), se:cdp: ws://localhost:53329/devtoo..., se:cdpVersion: 112.0.5615.50, setWindowRect: true, strictFileInteractability: false, timeouts: {implicit: 0, pageLoad: 300000, script: 30000}, unhandledPromptBehavior: dismiss and notify, webauthn:extension:credBlob: true, webauthn:extension:largeBlob: true, webauthn:extension:minPinLength: true, webauthn:extension:prf: true, webauthn:virtualAuthenticators: true}
Element: [[ChromeDriver: chrome on WINDOWS (041f17addf42e6d8c019361b9f80cac9)] -> xpath: (//div //img[@class='mattersicon'])[1]]
Session ID: 041f17addf42e6d8c019361b9f80cac9
at java.base/jdk.internal.reflect.DirectConstructorHandleAccessor.newInstance(DirectConstructorHandleAccessor.java:67)
at java.base/java.lang.reflect.Constructor.newInstanceWithCaller(Constructor.java:499)
at java.base/java.lang.reflect.Constructor.newInstance(Constructor.java:483)
at org.openqa.selenium.remote.codec.w3c.W3CHttpResponseCodec.createException(W3CHttpResponseCodec.java:200)
at org.openqa.selenium.remote.codec.w3c.W3CHttpResponseCodec.decode(W3CHttpResponseCodec.java:133)
at org.openqa.selenium.remote.codec.w3c.W3CHttpResponseCodec.decode(W3CHttpResponseCodec.java:53)
at org.openqa.selenium.remote.HttpCommandExecutor.execute(HttpCommandExecutor.java:184)
at org.openqa.selenium.remote.service.DriverCommandExecutor.invokeExecute(DriverCommandExecutor.java:167)
at org.openqa.selenium.remote.service.DriverCommandExecutor.execute(DriverCommandExecutor.java:142)
at org.openqa.selenium.remote.RemoteWebDriver.execute(RemoteWebDriver.java:541)
at org.openqa.selenium.remote.RemoteWebElement.execute(RemoteWebElement.java:257)
at org.openqa.selenium.remote.RemoteWebElement.click(RemoteWebElement.java:78)
at java.base/jdk.internal.reflect.DirectMethodHandleAccessor.invoke(DirectMethodHandleAccessor.java:104)
at java.base/java.lang.reflect.Method.invoke(Method.java:577)
at org.openqa.selenium.support.pagefactory.internal.LocatingElementHandler.invoke(LocatingElementHandler.java:52)
at jdk.proxy2/jdk.proxy2.$Proxy17.click(Unknown Source)
at com.pom.CreateMatter.leftMatterTab(CreateMatter.java:96)
at com.test.CreateMatterTest.allFieldsWithoutTeamMemberandDocument(CreateMatterTest.java:111)
at java.base/jdk.internal.reflect.DirectMethodHandleAccessor.invoke(DirectMethodHandleAccessor.java:104)
at java.base/java.lang.reflect.Method.invoke(Method.java:577)
at org.testng.internal.invokers.MethodInvocationHelper.invokeMethod(MethodInvocationHelper.java:139)
at org.testng.internal.invokers.TestInvoker.invokeMethod(TestInvoker.java:677)
at org.testng.internal.invokers.TestInvoker.invokeTestMethod(TestInvoker.java:221)
at org.testng.internal.invokers.MethodRunner.runInSequence(MethodRunner.java:50)
at org.testng.internal.invokers.TestInvoker$MethodInvocationAgent.invoke(TestInvoker.java:969)
at org.testng.internal.invokers.TestInvoker.invokeTestMethods(TestInvoker.java:194)
at org.testng.internal.invokers.TestMethodWorker.invokeTestMethods(TestMethodWorker.java:148)
at org.testng.internal.invokers.TestMethodWorker.run(TestMethodWorker.java:128)
at java.base/java.util.ArrayList.forEach(ArrayList.java:1511)
at org.testng.TestRunner.privateRun(TestRunner.java:829)
at org.testng.TestRunner.run(TestRunner.java:602)
at org.testng.SuiteRunner.runTest(SuiteRunner.java:437)
at org.testng.SuiteRunner.runSequentially(SuiteRunner.java:431)
at org.testng.SuiteRunner.privateRun(SuiteRunner.java:391)
at org.testng.SuiteRunner.run(SuiteRunner.java:330)
at org.testng.SuiteRunnerWorker.runSuite(SuiteRunnerWorker.java:52)
at org.testng.SuiteRunnerWorker.run(SuiteRunnerWorker.java:95)
at org.testng.TestNG.runSuitesSequentially(TestNG.java:1256)
at org.testng.TestNG.runSuitesLocally(TestNG.java:1176)
at org.testng.TestNG.runSuites(TestNG.java:1099)
at org.testng.TestNG.run(TestNG.java:1067)
at org.testng.remote.AbstractRemoteTestNG.run(AbstractRemoteTestNG.java:115)
at org.testng.remote.RemoteTestNG.initAndRun(RemoteTestNG.java:251)
at org.testng.remote.RemoteTestNG.main(RemoteTestNG.java:77)
]]>
            </full-stacktrace>
          </exception> <!-- org.openqa.selenium.ElementClickInterceptedException -->
          <reporter-output>
          </reporter-output>
        </test-method> <!-- allFieldsWithoutTeamMemberandDocument -->
        <test-method signature="allFieldsWithoutTeamMember(java.util.HashMap)[pri:6, instance:com.test.CreateMatterTest@1f2586d6]" started-at="2023-04-12T14:49:48 IST" name="allFieldsWithoutTeamMember" data-provider="getData6" finished-at="2023-04-12T14:53:06 IST" duration-ms="198049" status="PASS">
          <params>
            <param index="0">
              <value>
                <![CDATA[{date= 8 , documentName1=EC2 - DC2021081200030_EID, documentName2=EC2 - DC2021081200030_Visa, caseTitle=Legal Case automate without Team Member, description=Temporary case handled, prioritySelect=Medium, caseType=Solo Lawyer, advocateEmail=raj@vit.com, groupName3=Calendar Testing, clientName3=Production Test Entity, groupName2=Corporative Law, clientName2=Vengadesh RSB Firm, courtName=Madras Court, advocateName=Raj, caseNumber=F7474, clientName1=Mani R, advocatePhone=7766339966, judges=Vivek, groupName1=Group Checkt}]]>
              </value>
            </param>
          </params>
          <reporter-output>
          </reporter-output>
        </test-method> <!-- allFieldsWithoutTeamMember -->
        <test-method signature="allFieldsWithoutDocument(java.util.HashMap)[pri:7, instance:com.test.CreateMatterTest@1f2586d6]" started-at="2023-04-12T14:53:06 IST" name="allFieldsWithoutDocument" data-provider="getData7" finished-at="2023-04-12T14:56:20 IST" duration-ms="194429" status="PASS">
          <params>
            <param index="0">
              <value>
                <![CDATA[{date= 28 , caseTitle=Legal Case all Fields without document, description=Cases handled by junior team members, memberName1=Vengadesh RSB, prioritySelect=Low, memberName2=Karthick RSB TM, caseType=solo, advocateEmail=shiva@vitter.com, groupName3=Calendar Testing, clientName3=Production Test Entity, groupName2=Corporative Law, clientName2=Vengadesh RSB Firm, courtName=Delhi High court, advocateName=Shiva, caseNumber=MN32, clientName1=Mani R, advocatePhone=8855224411, judges=Karthick, groupName1=Group Checkt}]]>
              </value>
            </param>
          </params>
          <reporter-output>
          </reporter-output>
        </test-method> <!-- allFieldsWithoutDocument -->
        <test-method is-config="true" signature="down()[pri:0, instance:com.test.CreateMatterTest@1f2586d6]" started-at="2023-04-12T14:56:20 IST" name="down" finished-at="2023-04-12T14:56:21 IST" duration-ms="372" status="PASS">
          <reporter-output>
          </reporter-output>
        </test-method> <!-- down -->
      </class> <!-- com.test.CreateMatterTest -->
    </test> <!-- Default test -->
  </suite> <!-- Default suite -->
</testng-results>
