<?xml version="1.0" encoding="UTF-8"?>
<testng-results ignored="18" total="19" passed="1" failed="0" skipped="0">
  <reporter-output>
  </reporter-output>
  <suite started-at="2023-11-15T20:35:34 IST" name="Default suite" finished-at="2023-11-15T20:36:06 IST" duration-ms="31861">
    <groups>
    </groups>
    <test started-at="2023-11-15T20:35:34 IST" name="Default test" finished-at="2023-11-15T20:36:06 IST" duration-ms="31861">
      <class name="com.test.CreatedGroupTest">
        <test-method is-config="true" signature="launchApplication()[pri:0, instance:com.test.CreatedGroupTest@1807e3f6]" started-at="2023-11-15T20:35:34 IST" name="launchApplication" finished-at="2023-11-15T20:35:40 IST" duration-ms="6121" status="PASS">
          <reporter-output>
          </reporter-output>
        </test-method> <!-- launchApplication -->
        <test-method signature="createGroupWithCancelandAlertNo(java.util.HashMap)[pri:0, instance:com.test.CreatedGroupTest@1807e3f6]" started-at="2023-11-15T20:35:40 IST" name="createGroupWithCancelandAlertNo" data-provider="getData0" finished-at="2023-11-15T20:36:06 IST" duration-ms="25596" status="PASS">
          <params>
            <param index="0">
              <value>
                <![CDATA[{description=Data stored client related, groupName=Civil Laws Case, comment=0.createGroupWithCancelandAlertNo}]]>
              </value>
            </param>
          </params>
          <reporter-output>
          </reporter-output>
        </test-method> <!-- createGroupWithCancelandAlertNo -->
        <test-method is-config="true" signature="down()[pri:0, instance:com.test.CreatedGroupTest@1807e3f6]" started-at="2023-11-15T20:36:06 IST" name="down" finished-at="2023-11-15T20:36:06 IST" duration-ms="0" status="PASS">
          <reporter-output>
          </reporter-output>
        </test-method> <!-- down -->
      </class> <!-- com.test.CreatedGroupTest -->
    </test> <!-- Default test -->
  </suite> <!-- Default suite -->
</testng-results>
