<?xml version="1.0" encoding="UTF-8"?>
<testng-results ignored="5" total="6" passed="1" failed="0" skipped="0">
  <reporter-output>
  </reporter-output>
  <suite started-at="2023-07-13T17:10:37 IST" name="Default suite" finished-at="2023-07-13T17:11:59 IST" duration-ms="81346">
    <groups>
    </groups>
    <test started-at="2023-07-13T17:10:37 IST" name="Default test" finished-at="2023-07-13T17:11:59 IST" duration-ms="81346">
      <class name="com.test.ViewMatterUpdateGroupsTest">
        <test-method is-config="true" signature="launchApplication()[pri:0, instance:com.test.ViewMatterUpdateGroupsTest@4c12331b]" started-at="2023-07-13T17:10:37 IST" name="launchApplication" finished-at="2023-07-13T17:10:45 IST" duration-ms="7542" status="PASS">
          <reporter-output>
          </reporter-output>
        </test-method> <!-- launchApplication -->
        <test-method signature="selectMultipleGroups(java.util.HashMap)[pri:1, instance:com.test.ViewMatterUpdateGroupsTest@4c12331b]" started-at="2023-07-13T17:10:46 IST" name="selectMultipleGroups" data-provider="getData1" finished-at="2023-07-13T17:11:58 IST" duration-ms="72345" status="PASS">
          <params>
            <param index="0">
              <value>
                <![CDATA[{selectgroupName3=Group 3, selectgroupName2=Group 2, selectgroupName1=Group 1, _comment=1.Select Groups and Save, CaseName=Legal Consumer Matter}]]>
              </value>
            </param>
          </params>
          <reporter-output>
          </reporter-output>
        </test-method> <!-- selectMultipleGroups -->
        <test-method is-config="true" signature="down()[pri:0, instance:com.test.ViewMatterUpdateGroupsTest@4c12331b]" started-at="2023-07-13T17:11:58 IST" name="down" finished-at="2023-07-13T17:11:59 IST" duration-ms="441" status="PASS">
          <reporter-output>
          </reporter-output>
        </test-method> <!-- down -->
      </class> <!-- com.test.ViewMatterUpdateGroupsTest -->
    </test> <!-- Default test -->
  </suite> <!-- Default suite -->
</testng-results>
