<?xml version="1.0" encoding="UTF-8"?>
<testng-results ignored="0" total="5" passed="5" failed="0" skipped="0">
  <reporter-output>
  </reporter-output>
  <suite started-at="2023-03-17T13:20:30 IST" name="Default suite" finished-at="2023-03-17T13:24:04 IST" duration-ms="213330">
    <groups>
    </groups>
    <test started-at="2023-03-17T13:20:30 IST" name="Default test" finished-at="2023-03-17T13:24:04 IST" duration-ms="213330">
      <class name="com.test.ViewedGroups">
        <test-method is-config="true" signature="launchApplication()[pri:0, instance:com.test.ViewedGroups@7586beff]" started-at="2023-03-17T13:20:30 IST" name="launchApplication" finished-at="2023-03-17T13:20:37 IST" duration-ms="6823" status="PASS">
          <reporter-output>
          </reporter-output>
        </test-method> <!-- launchApplication -->
        <test-method signature="viewGroupTabMenu()[pri:0, instance:com.test.ViewedGroups@7586beff]" started-at="2023-03-17T13:20:37 IST" name="viewGroupTabMenu" finished-at="2023-03-17T13:20:58 IST" duration-ms="20418" status="PASS">
          <reporter-output>
          </reporter-output>
        </test-method> <!-- viewGroupTabMenu -->
        <test-method signature="viewgroupEditGroupInfo(java.util.HashMap)[pri:1, instance:com.test.ViewedGroups@7586beff]" started-at="2023-03-17T13:20:58 IST" name="viewgroupEditGroupInfo" data-provider="getDatas" finished-at="2023-03-17T13:21:17 IST" duration-ms="19111" status="PASS">
          <params>
            <param index="0">
              <value>
                <![CDATA[{GroupNameText=Civil law 2, RenameDescriptionChange=VerifyText, RenameGroupName=Civil law 3}]]>
              </value>
            </param>
          </params>
          <reporter-output>
          </reporter-output>
        </test-method> <!-- viewgroupEditGroupInfo -->
        <test-method signature="viewgroupUpdateGroupMember(java.util.HashMap)[pri:2, instance:com.test.ViewedGroups@7586beff]" started-at="2023-03-17T13:21:17 IST" name="viewgroupUpdateGroupMember" data-provider="getDatad" finished-at="2023-03-17T13:22:51 IST" duration-ms="93880" status="PASS">
          <params>
            <param index="0">
              <value>
                <![CDATA[{AddMember2=Karthick RSB TM, GroupNameText=Civil law 3, AddMember1=Ananth Associates, RemoveMember1=Miranda Williams}]]>
              </value>
            </param>
          </params>
          <reporter-output>
          </reporter-output>
        </test-method> <!-- viewgroupUpdateGroupMember -->
        <test-method signature="viewgroupUpdateGroupHead()[pri:3, instance:com.test.ViewedGroups@7586beff]" started-at="2023-03-17T13:22:51 IST" name="viewgroupUpdateGroupHead" finished-at="2023-03-17T13:23:27 IST" duration-ms="36129" status="PASS">
          <reporter-output>
          </reporter-output>
        </test-method> <!-- viewgroupUpdateGroupHead -->
        <test-method signature="viewgroupAssignDeleteGroup()[pri:4, instance:com.test.ViewedGroups@7586beff]" started-at="2023-03-17T13:23:27 IST" name="viewgroupAssignDeleteGroup" finished-at="2023-03-17T13:24:04 IST" duration-ms="36579" status="PASS">
          <reporter-output>
          </reporter-output>
        </test-method> <!-- viewgroupAssignDeleteGroup -->
      </class> <!-- com.test.ViewedGroups -->
    </test> <!-- Default test -->
  </suite> <!-- Default suite -->
</testng-results>
