<?xml version="1.0" encoding="UTF-8"?>
<testng-results ignored="0" total="4" passed="4" failed="0" skipped="0">
  <reporter-output>
  </reporter-output>
  <suite started-at="2023-05-09T16:45:21 IST" name="Suite" finished-at="2023-05-09T16:51:57 IST" duration-ms="395795">
    <groups>
    </groups>
    <test started-at="2023-05-09T16:45:21 IST" name="Test" finished-at="2023-05-09T16:51:57 IST" duration-ms="395795">
      <class name="com.test.CreateMatterTest">
        <test-method is-config="true" signature="launchApplication()[pri:0, instance:com.test.CreateMatterTest@2c78324b]" started-at="2023-05-09T16:45:21 IST" name="launchApplication" finished-at="2023-05-09T16:45:33 IST" duration-ms="11492" status="PASS">
          <reporter-output>
          </reporter-output>
        </test-method> <!-- launchApplication -->
        <test-method signature="clientsIndividuals(java.util.HashMap)[pri:0, instance:com.test.CreateMatterTest@2c78324b]" started-at="2023-05-09T16:45:34 IST" name="clientsIndividuals" data-provider="getData1" finished-at="2023-05-09T16:46:51 IST" duration-ms="77245" status="PASS">
          <params>
            <param index="0">
              <value>
                <![CDATA[{groupName2=Relationship Files Check, clientName2=Ananth kumar, caseNumber=B78, clientName1=Neela Chinnappa, caseTitle=Test1, groupName1=Relationship Files Check2}]]>
              </value>
            </param>
          </params>
          <reporter-output>
          </reporter-output>
        </test-method> <!-- clientsIndividuals -->
        <test-method signature="clientsIndividualsWithTeamMembers(java.util.HashMap)[pri:1, instance:com.test.CreateMatterTest@2c78324b]" started-at="2023-05-09T16:46:51 IST" name="clientsIndividualsWithTeamMembers" data-provider="getData2" finished-at="2023-05-09T16:48:22 IST" duration-ms="91090" status="PASS">
          <params>
            <param index="0">
              <value>
                <![CDATA[{groupName2=Relationship Files Check, clientName2=Ananth kumar, caseNumber=FGE3, clientName1=Neela Chinnappa, caseTitle=Test2, memberName1=PrakashTM, memberName2=Pramod, groupName1=Relationship Files Check2}]]>
              </value>
            </param>
          </params>
          <reporter-output>
          </reporter-output>
        </test-method> <!-- clientsIndividualsWithTeamMembers -->
        <test-method signature="clientsIndividualsWithDocuments(java.util.HashMap)[pri:2, instance:com.test.CreateMatterTest@2c78324b]" started-at="2023-05-09T16:48:22 IST" name="clientsIndividualsWithDocuments" data-provider="getData3" finished-at="2023-05-09T16:50:00 IST" duration-ms="97486" status="PASS">
          <params>
            <param index="0">
              <value>
                <![CDATA[{groupName2=Relationship Files Check, clientName2=shabarish v, documentName1=Testpdf, documentName2=JPEG sameple, caseNumber=MGH78, clientName1=Neela Chinnappa, caseTitle=Test3, groupName1=Relationship Files Check2}]]>
              </value>
            </param>
          </params>
          <reporter-output>
          </reporter-output>
        </test-method> <!-- clientsIndividualsWithDocuments -->
        <test-method signature="clientsIndividualsWithTMandDocuments(java.util.HashMap)[pri:3, instance:com.test.CreateMatterTest@2c78324b]" started-at="2023-05-09T16:50:00 IST" name="clientsIndividualsWithTMandDocuments" data-provider="getData4" finished-at="2023-05-09T16:51:57 IST" duration-ms="116894" status="PASS">
          <params>
            <param index="0">
              <value>
                <![CDATA[{groupName2=Relationship Files Check, clientName2=shabarish v, documentName1=Firm TM, documentName2=SC2, caseNumber=LKJ09, clientName1=Neela Chinnappa, caseTitle=Test4, memberName1=PrakashTM, memberName2=Kowayo, groupName1=Relationship Files Check2}]]>
              </value>
            </param>
          </params>
          <reporter-output>
          </reporter-output>
        </test-method> <!-- clientsIndividualsWithTMandDocuments -->
        <test-method is-config="true" signature="down()[pri:0, instance:com.test.CreateMatterTest@2c78324b]" started-at="2023-05-09T16:51:57 IST" name="down" finished-at="2023-05-09T16:51:57 IST" duration-ms="313" status="PASS">
          <reporter-output>
          </reporter-output>
        </test-method> <!-- down -->
      </class> <!-- com.test.CreateMatterTest -->
    </test> <!-- Test -->
  </suite> <!-- Suite -->
</testng-results>
