<?xml version="1.0" encoding="UTF-8"?>
<testng-results ignored="1" total="2" passed="1" failed="0" skipped="0">
  <reporter-output>
  </reporter-output>
  <suite started-at="2023-04-10T09:38:10 IST" name="Default suite" finished-at="2023-04-10T09:40:43 IST" duration-ms="153805">
    <groups>
    </groups>
    <test started-at="2023-04-10T09:38:10 IST" name="Default test" finished-at="2023-04-10T09:40:43 IST" duration-ms="153805">
      <class name="com.test.CreateMatterTest">
        <test-method is-config="true" signature="launchApplication()[pri:0, instance:com.test.CreateMatterTest@1165b38]" started-at="2023-04-10T09:38:10 IST" name="launchApplication" finished-at="2023-04-10T09:38:20 IST" duration-ms="10435" status="PASS">
          <reporter-output>
          </reporter-output>
        </test-method> <!-- launchApplication -->
        <test-method signature="MandatoryFieldSelectNames(java.util.HashMap)[pri:0, instance:com.test.CreateMatterTest@1165b38]" started-at="2023-04-10T09:38:20 IST" name="MandatoryFieldSelectNames" data-provider="getData" finished-at="2023-04-10T09:40:43 IST" duration-ms="142412" status="PASS">
          <params>
            <param index="0">
              <value>
                <![CDATA[{documentName1=Spell check the hint name (2), documentName3=SU Client 1, documentName2=family law client document - merge, caseTitle=Criminal Custody Case Filling, memberName1=Vengadesh RSB, memberName2=Miranda Williams, groupName3=new Calendar test group, clientName3=Vengadesh R, groupName2=Civil Case Custody, clientName2=QA Test Firm, caseNumber=B78458, clientName1=Prod Vitagist Test, groupName1=Group Modules Test}]]>
              </value>
            </param>
          </params>
          <reporter-output>
          </reporter-output>
        </test-method> <!-- MandatoryFieldSelectNames -->
        <test-method is-config="true" signature="down()[pri:0, instance:com.test.CreateMatterTest@1165b38]" started-at="2023-04-10T09:40:43 IST" name="down" finished-at="2023-04-10T09:40:43 IST" duration-ms="434" status="PASS">
          <reporter-output>
          </reporter-output>
        </test-method> <!-- down -->
      </class> <!-- com.test.CreateMatterTest -->
    </test> <!-- Default test -->
  </suite> <!-- Default suite -->
</testng-results>
