<?xml version="1.0" encoding="UTF-8"?>
<testng-results ignored="1" total="2" passed="1" failed="0" skipped="0">
  <reporter-output>
  </reporter-output>
  <suite started-at="2023-03-20T12:50:49 IST" name="Default suite" finished-at="2023-03-20T12:51:47 IST" duration-ms="58425">
    <groups>
    </groups>
    <test started-at="2023-03-20T12:50:49 IST" name="Default test" finished-at="2023-03-20T12:51:47 IST" duration-ms="58425">
      <class name="com.test.ViewMember">
        <test-method is-config="true" signature="launchApplication()[pri:0, instance:com.test.ViewMember@327514f]" started-at="2023-03-20T12:50:49 IST" name="launchApplication" finished-at="2023-03-20T12:50:56 IST" duration-ms="7292" status="PASS">
          <reporter-output>
          </reporter-output>
        </test-method> <!-- launchApplication -->
        <test-method signature="viewMemberUpdateGroupAccess()[pri:0, instance:com.test.ViewMember@327514f]" started-at="2023-03-20T12:50:56 IST" name="viewMemberUpdateGroupAccess" finished-at="2023-03-20T12:51:47 IST" duration-ms="51062" status="PASS">
          <reporter-output>
          </reporter-output>
        </test-method> <!-- viewMemberUpdateGroupAccess -->
      </class> <!-- com.test.ViewMember -->
    </test> <!-- Default test -->
  </suite> <!-- Default suite -->
</testng-results>
