<?xml version="1.0" encoding="UTF-8"?>
<testng-results ignored="0" total="1" passed="1" failed="0" skipped="0">
  <reporter-output>
  </reporter-output>
  <suite started-at="2023-03-16T19:41:29 IST" name="Default suite" finished-at="2023-03-16T19:42:37 IST" duration-ms="68121">
    <groups>
    </groups>
    <test started-at="2023-03-16T19:41:29 IST" name="Default test" finished-at="2023-03-16T19:42:37 IST" duration-ms="68121">
      <class name="com.test.LoginPageTest">
        <test-method is-config="true" signature="launchApplication()[pri:0, instance:com.test.LoginPageTest@4c402120]" started-at="2023-03-16T19:41:29 IST" name="launchApplication" finished-at="2023-03-16T19:41:37 IST" duration-ms="8107" status="PASS">
          <reporter-output>
          </reporter-output>
        </test-method> <!-- launchApplication -->
        <test-method signature="createdGroup(java.util.HashMap)[pri:1, instance:com.test.LoginPageTest@4c402120]" started-at="2023-03-16T19:41:38 IST" name="createdGroup" data-provider="getData" finished-at="2023-03-16T19:42:37 IST" duration-ms="59716" status="PASS">
          <params>
            <param index="0">
              <value>
                <![CDATA[{addMember3=Susan, addMember4=Neela C RSB, addMember5=Ananth-Admin, description=Data stored client related, addMember1=Martin, addMember2=Vengadesh RSB, groupHeadNames=Vengadesh RSB, membernameremoved=Martin, groupname=Civil Laws Case}]]>
              </value>
            </param>
          </params>
          <reporter-output>
          </reporter-output>
        </test-method> <!-- createdGroup -->
      </class> <!-- com.test.LoginPageTest -->
    </test> <!-- Default test -->
  </suite> <!-- Default suite -->
</testng-results>
