<?xml version="1.0" encoding="UTF-8"?>
<testng-results ignored="2" total="4" passed="2" failed="0" skipped="0">
  <reporter-output>
  </reporter-output>
  <suite started-at="2023-03-10T11:43:30 IST" name="Default suite" finished-at="2023-03-10T11:44:36 IST" duration-ms="65431">
    <groups>
    </groups>
    <test started-at="2023-03-10T11:43:30 IST" name="Default test" finished-at="2023-03-10T11:44:36 IST" duration-ms="65431">
      <class name="com.test.ViewedGroups">
        <test-method signature="loginCheck()[pri:0, instance:com.test.ViewedGroups@4218d6a3]" started-at="2023-03-10T11:43:31 IST" name="loginCheck" finished-at="2023-03-10T11:44:02 IST" duration-ms="30984" status="PASS">
          <reporter-output>
          </reporter-output>
        </test-method> <!-- loginCheck -->
        <test-method signature="viewgroupUpdateGroupHead()[pri:3, instance:com.test.ViewedGroups@4218d6a3]" started-at="2023-03-10T11:44:02 IST" name="viewgroupUpdateGroupHead" finished-at="2023-03-10T11:44:36 IST" duration-ms="34327" status="PASS">
          <reporter-output>
          </reporter-output>
        </test-method> <!-- viewgroupUpdateGroupHead -->
      </class> <!-- com.test.ViewedGroups -->
    </test> <!-- Default test -->
  </suite> <!-- Default suite -->
</testng-results>
