<?xml version="1.0" encoding="UTF-8"?>
<testng-results ignored="0" total="3" passed="3" failed="0" skipped="0">
  <reporter-output>
  </reporter-output>
  <suite started-at="2023-06-02T10:11:41 IST" name="Default suite" finished-at="2023-06-02T10:11:41 IST" duration-ms="339">
    <groups>
    </groups>
    <test started-at="2023-06-02T10:11:41 IST" name="Default test" finished-at="2023-06-02T10:11:41 IST" duration-ms="339">
      <class name="com.test.Sample">
        <test-method is-config="true" signature="beforesuite()[pri:0, instance:com.test.Sample@327514f]" started-at="2023-06-02T10:11:41 IST" name="beforesuite" finished-at="2023-06-02T10:11:41 IST" duration-ms="27" status="PASS">
          <reporter-output>
          </reporter-output>
        </test-method> <!-- beforesuite -->
        <test-method is-config="true" signature="beforetest()[pri:0, instance:com.test.Sample@327514f]" started-at="2023-06-02T10:11:41 IST" name="beforetest" finished-at="2023-06-02T10:11:41 IST" duration-ms="1" status="PASS">
          <reporter-output>
          </reporter-output>
        </test-method> <!-- beforetest -->
        <test-method is-config="true" signature="beforeclass()[pri:0, instance:com.test.Sample@327514f]" started-at="2023-06-02T10:11:41 IST" name="beforeclass" finished-at="2023-06-02T10:11:41 IST" duration-ms="1" status="PASS">
          <reporter-output>
          </reporter-output>
        </test-method> <!-- beforeclass -->
        <test-method is-config="true" signature="beforemethod()[pri:0, instance:com.test.Sample@327514f]" started-at="2023-06-02T10:11:41 IST" name="beforemethod" finished-at="2023-06-02T10:11:41 IST" duration-ms="10" status="PASS">
          <reporter-output>
          </reporter-output>
        </test-method> <!-- beforemethod -->
        <test-method signature="test1()[pri:0, instance:com.test.Sample@327514f]" started-at="2023-06-02T10:11:41 IST" name="test1" finished-at="2023-06-02T10:11:41 IST" duration-ms="24" status="PASS">
          <reporter-output>
          </reporter-output>
        </test-method> <!-- test1 -->
        <test-method is-config="true" signature="aftermethod()[pri:0, instance:com.test.Sample@327514f]" started-at="2023-06-02T10:11:41 IST" name="aftermethod" finished-at="2023-06-02T10:11:41 IST" duration-ms="3" status="PASS">
          <reporter-output>
          </reporter-output>
        </test-method> <!-- aftermethod -->
        <test-method is-config="true" signature="beforemethod()[pri:0, instance:com.test.Sample@327514f]" started-at="2023-06-02T10:11:41 IST" name="beforemethod" finished-at="2023-06-02T10:11:41 IST" duration-ms="2" status="PASS">
          <reporter-output>
          </reporter-output>
        </test-method> <!-- beforemethod -->
        <test-method signature="test2()[pri:0, instance:com.test.Sample@327514f]" started-at="2023-06-02T10:11:41 IST" name="test2" finished-at="2023-06-02T10:11:41 IST" duration-ms="13" status="PASS">
          <reporter-output>
          </reporter-output>
        </test-method> <!-- test2 -->
        <test-method is-config="true" signature="aftermethod()[pri:0, instance:com.test.Sample@327514f]" started-at="2023-06-02T10:11:41 IST" name="aftermethod" finished-at="2023-06-02T10:11:41 IST" duration-ms="1" status="PASS">
          <reporter-output>
          </reporter-output>
        </test-method> <!-- aftermethod -->
        <test-method is-config="true" signature="beforemethod()[pri:0, instance:com.test.Sample@327514f]" started-at="2023-06-02T10:11:41 IST" name="beforemethod" finished-at="2023-06-02T10:11:41 IST" duration-ms="7" status="PASS">
          <reporter-output>
          </reporter-output>
        </test-method> <!-- beforemethod -->
        <test-method signature="test3()[pri:0, instance:com.test.Sample@327514f]" started-at="2023-06-02T10:11:41 IST" name="test3" finished-at="2023-06-02T10:11:41 IST" duration-ms="12" status="PASS">
          <reporter-output>
          </reporter-output>
        </test-method> <!-- test3 -->
        <test-method is-config="true" signature="aftermethod()[pri:0, instance:com.test.Sample@327514f]" started-at="2023-06-02T10:11:41 IST" name="aftermethod" finished-at="2023-06-02T10:11:41 IST" duration-ms="5" status="PASS">
          <reporter-output>
          </reporter-output>
        </test-method> <!-- aftermethod -->
        <test-method is-config="true" signature="afterclass()[pri:0, instance:com.test.Sample@327514f]" started-at="2023-06-02T10:11:41 IST" name="afterclass" finished-at="2023-06-02T10:11:41 IST" duration-ms="4" status="PASS">
          <reporter-output>
          </reporter-output>
        </test-method> <!-- afterclass -->
        <test-method is-config="true" signature="aftertest()[pri:0, instance:com.test.Sample@327514f]" started-at="2023-06-02T10:11:41 IST" name="aftertest" finished-at="2023-06-02T10:11:41 IST" duration-ms="4" status="PASS">
          <reporter-output>
          </reporter-output>
        </test-method> <!-- aftertest -->
        <test-method is-config="true" signature="aftersuite()[pri:0, instance:com.test.Sample@327514f]" started-at="2023-06-02T10:11:42 IST" name="aftersuite" finished-at="2023-06-02T10:11:42 IST" duration-ms="2" status="PASS">
          <reporter-output>
          </reporter-output>
        </test-method> <!-- aftersuite -->
      </class> <!-- com.test.Sample -->
    </test> <!-- Default test -->
  </suite> <!-- Default suite -->
</testng-results>
