<?xml version="1.0" encoding="UTF-8"?>
<testng-results ignored="3" total="5" passed="2" failed="0" skipped="0">
  <reporter-output>
  </reporter-output>
  <suite started-at="2023-03-20T17:09:47 IST" name="Default suite" finished-at="2023-03-20T17:11:03 IST" duration-ms="76699">
    <groups>
    </groups>
    <test started-at="2023-03-20T17:09:47 IST" name="Default test" finished-at="2023-03-20T17:11:03 IST" duration-ms="76699">
      <class name="com.test.ViewGroupsTest">
        <test-method is-config="true" signature="launchApplication()[pri:0, instance:com.test.ViewGroupsTest@815b41f]" started-at="2023-03-20T17:09:47 IST" name="launchApplication" finished-at="2023-03-20T17:10:05 IST" duration-ms="18377" status="PASS">
          <reporter-output>
          </reporter-output>
        </test-method> <!-- launchApplication -->
        <test-method signature="viewGroupTabMenu()[pri:0, instance:com.test.ViewGroupsTest@815b41f]" started-at="2023-03-20T17:10:05 IST" name="viewGroupTabMenu" finished-at="2023-03-20T17:10:26 IST" duration-ms="20727" status="PASS">
          <reporter-output>
          </reporter-output>
        </test-method> <!-- viewGroupTabMenu -->
        <test-method signature="viewgroupUpdateGroupHead()[pri:3, instance:com.test.ViewGroupsTest@815b41f]" started-at="2023-03-20T17:10:26 IST" name="viewgroupUpdateGroupHead" finished-at="2023-03-20T17:11:02 IST" duration-ms="36411" status="PASS">
          <reporter-output>
          </reporter-output>
        </test-method> <!-- viewgroupUpdateGroupHead -->
        <test-method is-config="true" signature="down()[pri:0, instance:com.test.ViewGroupsTest@815b41f]" started-at="2023-03-20T17:11:02 IST" name="down" finished-at="2023-03-20T17:11:03 IST" duration-ms="920" status="PASS">
          <reporter-output>
          </reporter-output>
        </test-method> <!-- down -->
      </class> <!-- com.test.ViewGroupsTest -->
    </test> <!-- Default test -->
  </suite> <!-- Default suite -->
</testng-results>
