<?xml version="1.0" encoding="UTF-8"?>
<testng-results ignored="0" total="1" passed="1" failed="0" skipped="0">
  <reporter-output>
  </reporter-output>
  <suite started-at="2023-05-04T10:35:31 IST" name="Default suite" finished-at="2023-05-04T10:37:09 IST" duration-ms="97787">
    <groups>
    </groups>
    <test started-at="2023-05-04T10:35:31 IST" name="Default test" finished-at="2023-05-04T10:37:09 IST" duration-ms="97787">
      <class name="com.test.CreateMatterTest">
        <test-method is-config="true" signature="launchApplication()[pri:0, instance:com.test.CreateMatterTest@d35dea7]" started-at="2023-05-04T10:35:32 IST" name="launchApplication" finished-at="2023-05-04T10:35:42 IST" duration-ms="10567" status="PASS">
          <reporter-output>
          </reporter-output>
        </test-method> <!-- launchApplication -->
        <test-method signature="MandatoryFieldswithGroupsandClientsIndividuals(java.util.HashMap)[pri:0, instance:com.test.CreateMatterTest@d35dea7]" started-at="2023-05-04T10:35:43 IST" name="MandatoryFieldswithGroupsandClientsIndividuals" data-provider="getData12" finished-at="2023-05-04T10:37:09 IST" duration-ms="86205" status="PASS">
          <params>
            <param index="0">
              <value>
                <![CDATA[{groupName3=Group Check, clientName3=, groupName2=New Release Test Group, clientName2=Hari R, groupName5=Traffic Violation Law, groupName4=Group Modules Test, caseNumber=B78458, clientName1=NEELA CHINNAPPA, caseTitle=Mandatory Fields , Groups , Clients with Team Members, groupName1=Apple Inc}]]>
              </value>
            </param>
          </params>
          <reporter-output>
          </reporter-output>
        </test-method> <!-- MandatoryFieldswithGroupsandClientsIndividuals -->
        <test-method is-config="true" signature="down()[pri:0, instance:com.test.CreateMatterTest@d35dea7]" started-at="2023-05-04T10:37:09 IST" name="down" finished-at="2023-05-04T10:37:09 IST" duration-ms="430" status="PASS">
          <reporter-output>
          </reporter-output>
        </test-method> <!-- down -->
      </class> <!-- com.test.CreateMatterTest -->
    </test> <!-- Default test -->
  </suite> <!-- Default suite -->
</testng-results>
