<?xml version="1.0" encoding="UTF-8"?>
<testng-results ignored="0" total="31" passed="31" failed="0" skipped="0">
  <reporter-output>
  </reporter-output>
  <suite started-at="2023-06-16T21:06:40 IST" name="Default suite" finished-at="2023-06-16T21:15:29 IST" duration-ms="529555">
    <groups>
    </groups>
    <test started-at="2023-06-16T21:06:40 IST" name="Default test" finished-at="2023-06-16T21:15:29 IST" duration-ms="529555">
      <class name="com.test.ViewMatterEditMatterInfoTest">
        <test-method is-config="true" signature="launchApplication()[pri:0, instance:com.test.ViewMatterEditMatterInfoTest@63070bab]" started-at="2023-06-16T21:06:40 IST" name="launchApplication" finished-at="2023-06-16T21:06:51 IST" duration-ms="11298" status="PASS">
          <reporter-output>
          </reporter-output>
        </test-method> <!-- launchApplication -->
        <test-method signature="editMatterInfoMandatoryWithDOF(java.util.HashMap)[pri:0, instance:com.test.ViewMatterEditMatterInfoTest@63070bab]" started-at="2023-06-16T21:06:52 IST" name="editMatterInfoMandatoryWithDOF" data-provider="getData0" finished-at="2023-06-16T21:07:06 IST" duration-ms="13962" status="PASS">
          <params>
            <param index="0">
              <value>
                <![CDATA[{caseTitle=Register of Sessions cases, dateofFilling= 2 , _comment=0.editMatterInfoMandatoryWithDOF, caseNumber=AGHW11, matterName=Corporate Custody}]]>
              </value>
            </param>
          </params>
          <reporter-output>
          </reporter-output>
        </test-method> <!-- editMatterInfoMandatoryWithDOF -->
        <test-method signature="editMatterInfoMandatoryWithDescription(java.util.HashMap)[pri:1, instance:com.test.ViewMatterEditMatterInfoTest@63070bab]" started-at="2023-06-16T21:07:06 IST" name="editMatterInfoMandatoryWithDescription" data-provider="getData1" finished-at="2023-06-16T21:07:20 IST" duration-ms="14647" status="PASS">
          <params>
            <param index="0">
              <value>
                <![CDATA[{caseTitle=Register of Appeal Cases received, description=At the time of acceptance the surety the signature/Thumb Impression, _comment=1.editMatterInfoMandatoryWithDescription, caseNumber=AGHW12, matterName=Register of Sessions cases}]]>
              </value>
            </param>
          </params>
          <reporter-output>
          </reporter-output>
        </test-method> <!-- editMatterInfoMandatoryWithDescription -->
        <test-method signature="editMatterInfoMandatoryWithCaseType(java.util.HashMap)[pri:2, instance:com.test.ViewMatterEditMatterInfoTest@63070bab]" started-at="2023-06-16T21:07:20 IST" name="editMatterInfoMandatoryWithCaseType" data-provider="getData2" finished-at="2023-06-16T21:07:34 IST" duration-ms="13500" status="PASS">
          <params>
            <param index="0">
              <value>
                <![CDATA[{caseTitle=Register of Revision Cases Entertained, _comment=2.editMatterInfoMandatoryWithCaseType, caseNumber=AGHW13, matterName=Register of Appeal Cases received, caseType=Individuals}]]>
              </value>
            </param>
          </params>
          <reporter-output>
          </reporter-output>
        </test-method> <!-- editMatterInfoMandatoryWithCaseType -->
        <test-method signature="editMatterInfoMandatoryWithCourt(java.util.HashMap)[pri:3, instance:com.test.ViewMatterEditMatterInfoTest@63070bab]" started-at="2023-06-16T21:07:34 IST" name="editMatterInfoMandatoryWithCourt" data-provider="getData3" finished-at="2023-06-16T21:07:48 IST" duration-ms="13605" status="PASS">
          <params>
            <param index="0">
              <value>
                <![CDATA[{caseTitle=Register of calender and Preliminary, courtName=High Court, _comment=3.editMatterInfoMandatoryWithCourt, caseNumber=AGHW14, matterName=Register of Revision Cases Entertained}]]>
              </value>
            </param>
          </params>
          <reporter-output>
          </reporter-output>
        </test-method> <!-- editMatterInfoMandatoryWithCourt -->
        <test-method signature="editMatterInfoMandatoryWithJudge(java.util.HashMap)[pri:4, instance:com.test.ViewMatterEditMatterInfoTest@63070bab]" started-at="2023-06-16T21:07:48 IST" name="editMatterInfoMandatoryWithJudge" data-provider="getData4" finished-at="2023-06-16T21:08:01 IST" duration-ms="13439" status="PASS">
          <params>
            <param index="0">
              <value>
                <![CDATA[{caseTitle=Register cases received, _comment=4.editMatterInfoMandatoryWithJudge, judges=Vimal, caseNumber=AGHW15, matterName=Register of calender and Preliminary}]]>
              </value>
            </param>
          </params>
          <reporter-output>
          </reporter-output>
        </test-method> <!-- editMatterInfoMandatoryWithJudge -->
        <test-method signature="editMatterInfoMandatoryWithPriority(java.util.HashMap)[pri:5, instance:com.test.ViewMatterEditMatterInfoTest@63070bab]" started-at="2023-06-16T21:08:01 IST" name="editMatterInfoMandatoryWithPriority" data-provider="getData5" finished-at="2023-06-16T21:08:18 IST" duration-ms="16613" status="PASS">
          <params>
            <param index="0">
              <value>
                <![CDATA[{caseTitle=Register of Miscellaneous and Maintenance, priority=Medium, _comment=5.editMatterInfoMandatoryWithPriority, caseNumber=AGHW16, matterName=Register cases received}]]>
              </value>
            </param>
          </params>
          <reporter-output>
          </reporter-output>
        </test-method> <!-- editMatterInfoMandatoryWithPriority -->
        <test-method signature="editMatterInfoMandatoryWithStatus(java.util.HashMap)[pri:6, instance:com.test.ViewMatterEditMatterInfoTest@63070bab]" started-at="2023-06-16T21:08:18 IST" name="editMatterInfoMandatoryWithStatus" data-provider="getData6" finished-at="2023-06-16T21:08:31 IST" duration-ms="13563" status="PASS">
          <params>
            <param index="0">
              <value>
                <![CDATA[{caseTitle=Register of applications under Section, _comment=6.editMatterInfoMandatoryWithStatus, caseNumber=AGHW17, matterName=Register of Miscellaneous and Maintenance}]]>
              </value>
            </param>
          </params>
          <reporter-output>
          </reporter-output>
        </test-method> <!-- editMatterInfoMandatoryWithStatus -->
        <test-method signature="editMatterInfoMandatoryWithOpponentAdvocate(java.util.HashMap)[pri:7, instance:com.test.ViewMatterEditMatterInfoTest@63070bab]" started-at="2023-06-16T21:08:31 IST" name="editMatterInfoMandatoryWithOpponentAdvocate" data-provider="getData7" finished-at="2023-06-16T21:08:54 IST" duration-ms="22949" status="PASS">
          <params>
            <param index="0">
              <value>
                <![CDATA[{number=7878454578, _comment=7.editMatterInfoMandatoryWithOpponentAdvocate, caseNumber=AGHW18, caseTitle=Register Results of Inquiries and Trials, name=Scott, email=scott@gm.com, matterName=Register of applications under Section}]]>
              </value>
            </param>
          </params>
          <reporter-output>
          </reporter-output>
        </test-method> <!-- editMatterInfoMandatoryWithOpponentAdvocate -->
        <test-method signature="editMatterInfoMandatoryWithDOFandDescription(java.util.HashMap)[pri:8, instance:com.test.ViewMatterEditMatterInfoTest@63070bab]" started-at="2023-06-16T21:08:54 IST" name="editMatterInfoMandatoryWithDOFandDescription" data-provider="getData8" finished-at="2023-06-16T21:09:11 IST" duration-ms="16394" status="PASS">
          <params>
            <param index="0">
              <value>
                <![CDATA[{_comment=8.editMatterInfoMandatoryWithDOFandDescription, caseNumber=AGHW19, caseTitle=Register of Punishments, dateofFilling= 12 , description=The sureties shall produce Bank Pass Books or Ration Cards or some, matterName=Register Results of Inquiries and Trials}]]>
              </value>
            </param>
          </params>
          <reporter-output>
          </reporter-output>
        </test-method> <!-- editMatterInfoMandatoryWithDOFandDescription -->
        <test-method signature="editMatterInfoMandatoryWithDOFandCasetype(java.util.HashMap)[pri:9, instance:com.test.ViewMatterEditMatterInfoTest@63070bab]" started-at="2023-06-16T21:09:11 IST" name="editMatterInfoMandatoryWithDOFandCasetype" data-provider="getData9" finished-at="2023-06-16T21:09:27 IST" duration-ms="16449" status="PASS">
          <params>
            <param index="0">
              <value>
                <![CDATA[{_comment=9.editMatterInfoMandatoryWithDOFandCasetype, caseNumber=AGHW20, caseTitle=Register of Appeal Cases disposed, dateofFilling= 15 , matterName=Register of Punishments, caseType=Criminal Case}]]>
              </value>
            </param>
          </params>
          <reporter-output>
          </reporter-output>
        </test-method> <!-- editMatterInfoMandatoryWithDOFandCasetype -->
        <test-method signature="editMatterInfoMandatoryWithDOFandCourt(java.util.HashMap)[pri:10, instance:com.test.ViewMatterEditMatterInfoTest@63070bab]" started-at="2023-06-16T21:09:27 IST" name="editMatterInfoMandatoryWithDOFandCourt" data-provider="getData10" finished-at="2023-06-16T21:09:44 IST" duration-ms="16436" status="PASS">
          <params>
            <param index="0">
              <value>
                <![CDATA[{courtName=Madras high Court, _comment=10.editMatterInfoMandatoryWithDOFandCourt, caseNumber=AGHW21, caseTitle=Register of Revision Cases disposed, dateofFilling= 8 , matterName=Register of Appeal Cases disposed}]]>
              </value>
            </param>
          </params>
          <reporter-output>
          </reporter-output>
        </test-method> <!-- editMatterInfoMandatoryWithDOFandCourt -->
        <test-method signature="editMatterInfoMandatoryWithDOFandJudge(java.util.HashMap)[pri:11, instance:com.test.ViewMatterEditMatterInfoTest@63070bab]" started-at="2023-06-16T21:09:44 IST" name="editMatterInfoMandatoryWithDOFandJudge" data-provider="getData11" finished-at="2023-06-16T21:10:00 IST" duration-ms="16137" status="PASS">
          <params>
            <param index="0">
              <value>
                <![CDATA[{_comment=11.editMatterInfoMandatoryWithDOFandJudge, caseNumber=AGHW22, caseTitle=Diary Register, dateofFilling= 18 , judges=Suresh, matterName=Register of Revision Cases disposed}]]>
              </value>
            </param>
          </params>
          <reporter-output>
          </reporter-output>
        </test-method> <!-- editMatterInfoMandatoryWithDOFandJudge -->
        <test-method signature="editMatterInfoMandatoryWithDOFandPriority(java.util.HashMap)[pri:12, instance:com.test.ViewMatterEditMatterInfoTest@63070bab]" started-at="2023-06-16T21:10:00 IST" name="editMatterInfoMandatoryWithDOFandPriority" data-provider="getData12" finished-at="2023-06-16T21:10:19 IST" duration-ms="18906" status="PASS">
          <params>
            <param index="0">
              <value>
                <![CDATA[{_comment=12.editMatterInfoMandatoryWithDOFandPriority, caseNumber=AGHW23, caseTitle=The Various types of child custody, dateofFilling= 25 , priority=Low, matterName=Diary Register}]]>
              </value>
            </param>
          </params>
          <reporter-output>
          </reporter-output>
        </test-method> <!-- editMatterInfoMandatoryWithDOFandPriority -->
        <test-method signature="editMatterInfoMandatoryWithDOFandStatus(java.util.HashMap)[pri:13, instance:com.test.ViewMatterEditMatterInfoTest@63070bab]" started-at="2023-06-16T21:10:19 IST" name="editMatterInfoMandatoryWithDOFandStatus" data-provider="getData13" finished-at="2023-06-16T21:10:35 IST" duration-ms="15976" status="PASS">
          <params>
            <param index="0">
              <value>
                <![CDATA[{caseTitle=Legal Custody, dateofFilling= 16 , _comment=13.editMatterInfoMandatoryWithDOFandStatus, caseNumber=AGHW24, matterName=The Various types of child custody}]]>
              </value>
            </param>
          </params>
          <reporter-output>
          </reporter-output>
        </test-method> <!-- editMatterInfoMandatoryWithDOFandStatus -->
        <test-method signature="editMatterInfoMandatoryWithDOFandOpponentAdvocates(java.util.HashMap)[pri:14, instance:com.test.ViewMatterEditMatterInfoTest@63070bab]" started-at="2023-06-16T21:10:35 IST" name="editMatterInfoMandatoryWithDOFandOpponentAdvocates" data-provider="getData14" finished-at="2023-06-16T21:11:00 IST" duration-ms="25237" status="PASS">
          <params>
            <param index="0">
              <value>
                <![CDATA[{number=8585857474, _comment=14.editMatterInfoMandatoryWithDOFandOpponentAdvocates, caseNumber=AGHW25, caseTitle=Physical Custody, dateofFilling= 18 , name=vamsi, email=vamsi@gm.com, matterName=Legal Custody}]]>
              </value>
            </param>
          </params>
          <reporter-output>
          </reporter-output>
        </test-method> <!-- editMatterInfoMandatoryWithDOFandOpponentAdvocates -->
        <test-method signature="editMatterInfoMandatoryWithDescriptionandCaseType(java.util.HashMap)[pri:15, instance:com.test.ViewMatterEditMatterInfoTest@63070bab]" started-at="2023-06-16T21:11:00 IST" name="editMatterInfoMandatoryWithDescriptionandCaseType" data-provider="getData15" finished-at="2023-06-16T21:11:14 IST" duration-ms="14216" status="PASS">
          <params>
            <param index="0">
              <value>
                <![CDATA[{_comment=15.editMatterInfoMandatoryWithDescriptionandCaseType, caseNumber=AGHW26, caseTitle=Sole Custody, description=Overview of joint custody, a relatively common arrangement, matterName=Physical Custody, caseType=Criminal Case}]]>
              </value>
            </param>
          </params>
          <reporter-output>
          </reporter-output>
        </test-method> <!-- editMatterInfoMandatoryWithDescriptionandCaseType -->
        <test-method signature="editMatterInfoMandatoryWithDescriptionandCourt(java.util.HashMap)[pri:16, instance:com.test.ViewMatterEditMatterInfoTest@63070bab]" started-at="2023-06-16T21:11:14 IST" name="editMatterInfoMandatoryWithDescriptionandCourt" data-provider="getData16" finished-at="2023-06-16T21:11:29 IST" duration-ms="14401" status="PASS">
          <params>
            <param index="0">
              <value>
                <![CDATA[{courtName=Supreme Court, _comment=16.editMatterInfoMandatoryWithDescriptionandCourt, caseNumber=AGHW27, caseTitle=Joint Custody, description=Basics of what a court considers when grandparents seek, matterName=Sole Custody}]]>
              </value>
            </param>
          </params>
          <reporter-output>
          </reporter-output>
        </test-method> <!-- editMatterInfoMandatoryWithDescriptionandCourt -->
        <test-method signature="editMatterInfoMandatoryWithDescriptionandJudge(java.util.HashMap)[pri:17, instance:com.test.ViewMatterEditMatterInfoTest@63070bab]" started-at="2023-06-16T21:11:29 IST" name="editMatterInfoMandatoryWithDescriptionandJudge" data-provider="getData17" finished-at="2023-06-16T21:11:43 IST" duration-ms="14160" status="PASS">
          <params>
            <param index="0">
              <value>
                <![CDATA[{_comment=17.editMatterInfoMandatoryWithDescriptionandJudge, caseNumber=AGHW28, caseTitle=Legal Custody in Joint Custody Arrangements, description=Distinctions between joint custody and sole custody, judges=Ram, matterName=Joint Custody}]]>
              </value>
            </param>
          </params>
          <reporter-output>
          </reporter-output>
        </test-method> <!-- editMatterInfoMandatoryWithDescriptionandJudge -->
        <test-method signature="editMatterInfoMandatoryWithDescriptionandPriority(java.util.HashMap)[pri:18, instance:com.test.ViewMatterEditMatterInfoTest@63070bab]" started-at="2023-06-16T21:11:43 IST" name="editMatterInfoMandatoryWithDescriptionandPriority" data-provider="getData18" finished-at="2023-06-16T21:12:00 IST" duration-ms="17246" status="PASS">
          <params>
            <param index="0">
              <value>
                <![CDATA[{_comment=18.editMatterInfoMandatoryWithDescriptionandPriority, caseNumber=AGHW29, caseTitle=Official Terminology with Child, description=In joint custody arrangements, parents share rights to make the major decisions, priority=High, matterName=Legal Custody in Joint Custody Arrangements}]]>
              </value>
            </param>
          </params>
          <reporter-output>
          </reporter-output>
        </test-method> <!-- editMatterInfoMandatoryWithDescriptionandPriority -->
        <test-method signature="editMatterInfoMandatoryWithDescriptionandStatus(java.util.HashMap)[pri:19, instance:com.test.ViewMatterEditMatterInfoTest@63070bab]" started-at="2023-06-16T21:12:00 IST" name="editMatterInfoMandatoryWithDescriptionandStatus" data-provider="getData19" finished-at="2023-06-16T21:12:15 IST" duration-ms="14639" status="PASS">
          <params>
            <param index="0">
              <value>
                <![CDATA[{caseTitle=One Common Custody Arrangement, description=Definition and explanation of physical custody, , _comment=19.editMatterInfoMandatoryWithDescriptionandStatus, caseNumber=AGHW30, matterName=Official Terminology with Child}]]>
              </value>
            </param>
          </params>
          <reporter-output>
          </reporter-output>
        </test-method> <!-- editMatterInfoMandatoryWithDescriptionandStatus -->
        <test-method signature="editMatterInfoMandatoryWithDescriptionandOpponentAdvocates(java.util.HashMap)[pri:20, instance:com.test.ViewMatterEditMatterInfoTest@63070bab]" started-at="2023-06-16T21:12:15 IST" name="editMatterInfoMandatoryWithDescriptionandOpponentAdvocates" data-provider="getData20" finished-at="2023-06-16T21:12:39 IST" duration-ms="24025" status="PASS">
          <params>
            <param index="0">
              <value>
                <![CDATA[{number=8585857444, _comment=20.editMatterInfoMandatoryWithDescriptionandOpponentAdvocates, caseNumber=AGHW31, caseTitle=Other Forms of Joint Custody, name=Ashok, description=There are also other joint-custody arrangements , email=Ashok@gm.com, matterName=One Common Custody Arrangement}]]>
              </value>
            </param>
          </params>
          <reporter-output>
          </reporter-output>
        </test-method> <!-- editMatterInfoMandatoryWithDescriptionandOpponentAdvocates -->
        <test-method signature="editMatterInfoMandatoryWithCaseTypeandCourt(java.util.HashMap)[pri:21, instance:com.test.ViewMatterEditMatterInfoTest@63070bab]" started-at="2023-06-16T21:12:39 IST" name="editMatterInfoMandatoryWithCaseTypeandCourt" data-provider="getData21" finished-at="2023-06-16T21:12:53 IST" duration-ms="14248" status="PASS">
          <params>
            <param index="0">
              <value>
                <![CDATA[{courtName=Delhi high Court, _comment=21.editMatterInfoMandatoryWithCaseTypeandCourt, caseNumber=AGHW32, caseTitle=Get Professional Legal Help, matterName=Other Forms of Joint Custody, caseType=Child custody}]]>
              </value>
            </param>
          </params>
          <reporter-output>
          </reporter-output>
        </test-method> <!-- editMatterInfoMandatoryWithCaseTypeandCourt -->
        <test-method signature="editMatterInfoMandatoryWithCaseTypeandJudge(java.util.HashMap)[pri:22, instance:com.test.ViewMatterEditMatterInfoTest@63070bab]" started-at="2023-06-16T21:12:53 IST" name="editMatterInfoMandatoryWithCaseTypeandJudge" data-provider="getData22" finished-at="2023-06-16T21:13:07 IST" duration-ms="14385" status="PASS">
          <params>
            <param index="0">
              <value>
                <![CDATA[{_comment=22.editMatterInfoMandatoryWithCaseTypeandJudge, caseNumber=AGHW33, caseTitle=The child's relationship with each parent, judges=Rocky, matterName=Get Professional Legal Help, caseType=Criminal}]]>
              </value>
            </param>
          </params>
          <reporter-output>
          </reporter-output>
        </test-method> <!-- editMatterInfoMandatoryWithCaseTypeandJudge -->
        <test-method signature="editMatterInfoMandatoryWithCaseTypeandPriority(java.util.HashMap)[pri:23, instance:com.test.ViewMatterEditMatterInfoTest@63070bab]" started-at="2023-06-16T21:13:07 IST" name="editMatterInfoMandatoryWithCaseTypeandPriority" data-provider="getData23" finished-at="2023-06-16T21:13:24 IST" duration-ms="17041" status="PASS">
          <params>
            <param index="0">
              <value>
                <![CDATA[{_comment=23.editMatterInfoMandatoryWithCaseTypeandPriority, caseNumber=AGHW34, caseTitle=The child's preference, priority=Medium, matterName=The child's relationship with each parent, caseType=Civil}]]>
              </value>
            </param>
          </params>
          <reporter-output>
          </reporter-output>
        </test-method> <!-- editMatterInfoMandatoryWithCaseTypeandPriority -->
        <test-method signature="editMatterInfoMandatoryWithCaseTypeandStatus(java.util.HashMap)[pri:24, instance:com.test.ViewMatterEditMatterInfoTest@63070bab]" started-at="2023-06-16T21:13:24 IST" name="editMatterInfoMandatoryWithCaseTypeandStatus" data-provider="getData24" finished-at="2023-06-16T21:13:39 IST" duration-ms="14112" status="PASS">
          <params>
            <param index="0">
              <value>
                <![CDATA[{caseTitle=A history of substance abuse, _comment=24.editMatterInfoMandatoryWithCaseTypeandStatus, caseNumber=AGHW35, matterName=The child's preference, caseType=Lawyer}]]>
              </value>
            </param>
          </params>
          <reporter-output>
          </reporter-output>
        </test-method> <!-- editMatterInfoMandatoryWithCaseTypeandStatus -->
        <test-method signature="editMatterInfoMandatoryWithCaseTypeandOpponentAdvocates(java.util.HashMap)[pri:25, instance:com.test.ViewMatterEditMatterInfoTest@63070bab]" started-at="2023-06-16T21:13:39 IST" name="editMatterInfoMandatoryWithCaseTypeandOpponentAdvocates" data-provider="getData25" finished-at="2023-06-16T21:14:02 IST" duration-ms="23505" status="PASS">
          <params>
            <param index="0">
              <value>
                <![CDATA[{number=8585857466, _comment=25.editMatterInfoMandatoryWithCaseTypeandOpponentAdvocates, caseNumber=AGHW36, caseTitle=The child's well-being, name=Arvind, email=Arvind@gm.com, matterName=A history of substance abuse, caseType=Bike Case}]]>
              </value>
            </param>
          </params>
          <reporter-output>
          </reporter-output>
        </test-method> <!-- editMatterInfoMandatoryWithCaseTypeandOpponentAdvocates -->
        <test-method signature="editMatterInfoMandatoryWithCourtandJudge(java.util.HashMap)[pri:26, instance:com.test.ViewMatterEditMatterInfoTest@63070bab]" started-at="2023-06-16T21:14:02 IST" name="editMatterInfoMandatoryWithCourtandJudge" data-provider="getData26" finished-at="2023-06-16T21:14:17 IST" duration-ms="14526" status="PASS">
          <params>
            <param index="0">
              <value>
                <![CDATA[{courtName=High Court, _comment=26.editMatterInfoMandatoryWithCourtandJudge, caseNumber=AGHW37, caseTitle=The child's school location, judges=Madesh, matterName=The child's well-being}]]>
              </value>
            </param>
          </params>
          <reporter-output>
          </reporter-output>
        </test-method> <!-- editMatterInfoMandatoryWithCourtandJudge -->
        <test-method signature="editMatterInfoMandatoryWithCourtandPriority(java.util.HashMap)[pri:27, instance:com.test.ViewMatterEditMatterInfoTest@63070bab]" started-at="2023-06-16T21:14:17 IST" name="editMatterInfoMandatoryWithCourtandPriority" data-provider="getData27" finished-at="2023-06-16T21:14:34 IST" duration-ms="17333" status="PASS">
          <params>
            <param index="0">
              <value>
                <![CDATA[{courtName=High Court, _comment=27.editMatterInfoMandatoryWithCourtandPriority, caseNumber=AGHW38, caseTitle=The Best Interest of the Child Standard, priority=Low, matterName=The child's school location}]]>
              </value>
            </param>
          </params>
          <reporter-output>
          </reporter-output>
        </test-method> <!-- editMatterInfoMandatoryWithCourtandPriority -->
        <test-method signature="editMatterInfoMandatoryWithCourtandStatus(java.util.HashMap)[pri:28, instance:com.test.ViewMatterEditMatterInfoTest@63070bab]" started-at="2023-06-16T21:14:34 IST" name="editMatterInfoMandatoryWithCourtandStatus" data-provider="getData28" finished-at="2023-06-16T21:14:48 IST" duration-ms="14155" status="PASS">
          <params>
            <param index="0">
              <value>
                <![CDATA[{caseTitle=Visitation Rights, courtName=Child Custody Court, _comment=28.editMatterInfoMandatoryWithCourtandStatus, caseNumber=AGHW39, matterName=The Best Interest of the Child Standard}]]>
              </value>
            </param>
          </params>
          <reporter-output>
          </reporter-output>
        </test-method> <!-- editMatterInfoMandatoryWithCourtandStatus -->
        <test-method signature="editMatterInfoMandatoryWithCourtandOpponentAdvocates(java.util.HashMap)[pri:29, instance:com.test.ViewMatterEditMatterInfoTest@63070bab]" started-at="2023-06-16T21:14:48 IST" name="editMatterInfoMandatoryWithCourtandOpponentAdvocates" data-provider="getData29" finished-at="2023-06-16T21:15:12 IST" duration-ms="23554" status="PASS">
          <params>
            <param index="0">
              <value>
                <![CDATA[{number=8585857411, courtName=High Court, _comment=29.editMatterInfoMandatoryWithCourtandOpponentAdvocates, caseNumber=AGHW40, caseTitle=Sole Custody, name=harish, email=harish@gm.com, matterName=Visitation Rights}]]>
              </value>
            </param>
          </params>
          <reporter-output>
          </reporter-output>
        </test-method> <!-- editMatterInfoMandatoryWithCourtandOpponentAdvocates -->
        <test-method signature="editMatterInfoMandatoryWithJudgeandPriority(java.util.HashMap)[pri:30, instance:com.test.ViewMatterEditMatterInfoTest@63070bab]" started-at="2023-06-16T21:15:12 IST" name="editMatterInfoMandatoryWithJudgeandPriority" data-provider="getData30" finished-at="2023-06-16T21:15:29 IST" duration-ms="17276" status="PASS">
          <params>
            <param index="0">
              <value>
                <![CDATA[{_comment=30.editMatterInfoMandatoryWithJudgeandPriority, caseNumber=AGHW41, caseTitle=Criminal Custody Case, priority=High, judges=Deepan, matterName=Sole Custody}]]>
              </value>
            </param>
          </params>
          <reporter-output>
          </reporter-output>
        </test-method> <!-- editMatterInfoMandatoryWithJudgeandPriority -->
        <test-method is-config="true" signature="down()[pri:0, instance:com.test.ViewMatterEditMatterInfoTest@63070bab]" started-at="2023-06-16T21:15:29 IST" name="down" finished-at="2023-06-16T21:15:29 IST" duration-ms="414" status="PASS">
          <reporter-output>
          </reporter-output>
        </test-method> <!-- down -->
      </class> <!-- com.test.ViewMatterEditMatterInfoTest -->
    </test> <!-- Default test -->
  </suite> <!-- Default suite -->
</testng-results>
