<?xml version="1.0" encoding="UTF-8"?>
<testng-results ignored="0" total="2" passed="1" failed="1" skipped="0">
  <reporter-output>
  </reporter-output>
  <suite started-at="2023-03-13T09:26:50 IST" name="Suite" finished-at="2023-03-13T09:31:51 IST" duration-ms="301231">
    <groups>
    </groups>
    <test started-at="2023-03-13T09:26:50 IST" name="Test" finished-at="2023-03-13T09:31:51 IST" duration-ms="301231">
      <class name="com.test.RegressionTest">
        <test-method signature="loginCheck(java.util.HashMap)[pri:0, instance:com.test.RegressionTest@d23e042]" started-at="2023-03-13T09:26:50 IST" name="loginCheck" data-provider="getData" finished-at="2023-03-13T09:31:11 IST" duration-ms="261252" status="PASS">
          <params>
            <param index="0">
              <value>
                <![CDATA[{RenameGroupName=Criminal Custody Case, description=Testing Case, AddMember2=Anantha-kumar, AddMember1=Neela C RSB Associates, groupname=Civil law Custody Case New, DeleteAssignAnother=sasa, addMember3=abc, addMember4=Miranda Williams, addMember5=Susan, addMember1=Rossy, GroupHeadChage=Anantha-kumar, addMember2=Vengadesh RSB Associates, groupHeadNames=Vengadesh RSB Associates, GroupNameText=Civil law Custody Case New, RenameDescriptionChange=Case Details, membernameremoved=abc, RemoveMember1=Miranda Williams, GroupNameText1=Criminal Custody Case}]]>
              </value>
            </param>
          </params>
          <reporter-output>
          </reporter-output>
        </test-method> <!-- loginCheck -->
        <test-method signature="loginCheck(java.util.HashMap)[pri:0, instance:com.test.RegressionTest@d23e042]" started-at="2023-03-13T09:31:12 IST" name="loginCheck" data-provider="getData" finished-at="2023-03-13T09:31:51 IST" duration-ms="38963" status="FAIL">
          <params>
            <param index="0">
              <value>
                <![CDATA[{RenameGroupName=Civil law Custody Case New1, description=Sample, AddMember2=Vengadesh RSB Associates, AddMember1=Neela C RSB Associates, groupname=Criminal law Custody Case New, DeleteAssignAnother=sasa, addMember3=Liam Rodriguez, addMember4=abc, addMember5=, addMember1=Martin, GroupHeadChage=Vengadesh RSB Associates, addMember2=Raksha S, groupHeadNames=Martin, GroupNameText=Criminal law Custody Case New, RenameDescriptionChange=Case Details, membernameremoved=abc, RemoveMember1=Raksha S, GroupNameText1=Civil law Custody Case New1}]]>
              </value>
            </param>
          </params>
          <exception class="org.openqa.selenium.NoSuchWindowException">
            <message>
              <![CDATA[no such window: target window already closed
from unknown error: web view not found
  (Session info: MicrosoftEdge=110.0.1587.69)
Build info: version: '4.7.0', revision: '0a5b49d16f'
System info: os.name: 'Windows 10', os.arch: 'amd64', os.version: '10.0', java.version: '18.0.2.1'
Driver info: org.openqa.selenium.edge.EdgeDriver
Command: [e8594ac8d0c7cec263aee3be928a97fa, findElements {using=xpath, value=//div[@class='callselect']}]
Capabilities {acceptInsecureCerts: false, browserName: msedge, browserVersion: 110.0.1587.69, ms:edgeOptions: {debuggerAddress: localhost:49661}, msedge: {msedgedriverVersion: 110.0.1587.69 (f970cc122bfe..., userDataDir: C:\Users\VENGAD~1\AppData\L...}, networkConnectionEnabled: false, pageLoadStrategy: normal, platformName: WINDOWS, proxy: Proxy(), se:cdp: ws://localhost:49661/devtoo..., se:cdpVersion: 110.0.1587.69, setWindowRect: true, strictFileInteractability: false, timeouts: {implicit: 0, pageLoad: 300000, script: 30000}, unhandledPromptBehavior: dismiss and notify, webauthn:extension:credBlob: true, webauthn:extension:largeBlob: true, webauthn:virtualAuthenticators: true}
Session ID: e8594ac8d0c7cec263aee3be928a97fa]]>
            </message>
            <full-stacktrace>
              <![CDATA[org.openqa.selenium.NoSuchWindowException: no such window: target window already closed
from unknown error: web view not found
  (Session info: MicrosoftEdge=110.0.1587.69)
Build info: version: '4.7.0', revision: '0a5b49d16f'
System info: os.name: 'Windows 10', os.arch: 'amd64', os.version: '10.0', java.version: '18.0.2.1'
Driver info: org.openqa.selenium.edge.EdgeDriver
Command: [e8594ac8d0c7cec263aee3be928a97fa, findElements {using=xpath, value=//div[@class='callselect']}]
Capabilities {acceptInsecureCerts: false, browserName: msedge, browserVersion: 110.0.1587.69, ms:edgeOptions: {debuggerAddress: localhost:49661}, msedge: {msedgedriverVersion: 110.0.1587.69 (f970cc122bfe..., userDataDir: C:\Users\VENGAD~1\AppData\L...}, networkConnectionEnabled: false, pageLoadStrategy: normal, platformName: WINDOWS, proxy: Proxy(), se:cdp: ws://localhost:49661/devtoo..., se:cdpVersion: 110.0.1587.69, setWindowRect: true, strictFileInteractability: false, timeouts: {implicit: 0, pageLoad: 300000, script: 30000}, unhandledPromptBehavior: dismiss and notify, webauthn:extension:credBlob: true, webauthn:extension:largeBlob: true, webauthn:virtualAuthenticators: true}
Session ID: e8594ac8d0c7cec263aee3be928a97fa
at java.base/jdk.internal.reflect.DirectConstructorHandleAccessor.newInstance(DirectConstructorHandleAccessor.java:67)
at java.base/java.lang.reflect.Constructor.newInstanceWithCaller(Constructor.java:499)
at java.base/java.lang.reflect.Constructor.newInstance(Constructor.java:483)
at org.openqa.selenium.remote.codec.w3c.W3CHttpResponseCodec.createException(W3CHttpResponseCodec.java:200)
at org.openqa.selenium.remote.codec.w3c.W3CHttpResponseCodec.decode(W3CHttpResponseCodec.java:133)
at org.openqa.selenium.remote.codec.w3c.W3CHttpResponseCodec.decode(W3CHttpResponseCodec.java:53)
at org.openqa.selenium.remote.HttpCommandExecutor.execute(HttpCommandExecutor.java:184)
at org.openqa.selenium.remote.service.DriverCommandExecutor.invokeExecute(DriverCommandExecutor.java:167)
at org.openqa.selenium.remote.service.DriverCommandExecutor.execute(DriverCommandExecutor.java:142)
at org.openqa.selenium.remote.RemoteWebDriver.execute(RemoteWebDriver.java:541)
at org.openqa.selenium.remote.ElementLocation$ElementFinder$2.findElements(ElementLocation.java:179)
at org.openqa.selenium.remote.ElementLocation.findElements(ElementLocation.java:102)
at org.openqa.selenium.remote.RemoteWebDriver.findElements(RemoteWebDriver.java:380)
at org.openqa.selenium.remote.RemoteWebDriver.findElements(RemoteWebDriver.java:372)
at org.openqa.selenium.support.pagefactory.DefaultElementLocator.findElements(DefaultElementLocator.java:87)
at org.openqa.selenium.support.pagefactory.internal.LocatingElementListHandler.invoke(LocatingElementListHandler.java:37)
at jdk.proxy2/jdk.proxy2.$Proxy18.size(Unknown Source)
at com.pom.CreateGroup.createGroups(CreateGroup.java:96)
at com.test.RegressionTest.loginCheck(RegressionTest.java:29)
at java.base/jdk.internal.reflect.DirectMethodHandleAccessor.invoke(DirectMethodHandleAccessor.java:104)
at java.base/java.lang.reflect.Method.invoke(Method.java:577)
at org.testng.internal.invokers.MethodInvocationHelper.invokeMethod(MethodInvocationHelper.java:139)
at org.testng.internal.invokers.TestInvoker.invokeMethod(TestInvoker.java:677)
at org.testng.internal.invokers.TestInvoker.invokeTestMethod(TestInvoker.java:221)
at org.testng.internal.invokers.MethodRunner.runInSequence(MethodRunner.java:50)
at org.testng.internal.invokers.TestInvoker$MethodInvocationAgent.invoke(TestInvoker.java:969)
at org.testng.internal.invokers.TestInvoker.invokeTestMethods(TestInvoker.java:194)
at org.testng.internal.invokers.TestMethodWorker.invokeTestMethods(TestMethodWorker.java:148)
at org.testng.internal.invokers.TestMethodWorker.run(TestMethodWorker.java:128)
at java.base/java.util.ArrayList.forEach(ArrayList.java:1511)
at org.testng.TestRunner.privateRun(TestRunner.java:829)
at org.testng.TestRunner.run(TestRunner.java:602)
at org.testng.SuiteRunner.runTest(SuiteRunner.java:437)
at org.testng.SuiteRunner.runSequentially(SuiteRunner.java:431)
at org.testng.SuiteRunner.privateRun(SuiteRunner.java:391)
at org.testng.SuiteRunner.run(SuiteRunner.java:330)
at org.testng.SuiteRunnerWorker.runSuite(SuiteRunnerWorker.java:52)
at org.testng.SuiteRunnerWorker.run(SuiteRunnerWorker.java:95)
at org.testng.TestNG.runSuitesSequentially(TestNG.java:1256)
at org.testng.TestNG.runSuitesLocally(TestNG.java:1176)
at org.testng.TestNG.runSuites(TestNG.java:1099)
at org.testng.TestNG.run(TestNG.java:1067)
at org.testng.remote.AbstractRemoteTestNG.run(AbstractRemoteTestNG.java:115)
at org.testng.remote.RemoteTestNG.initAndRun(RemoteTestNG.java:251)
at org.testng.remote.RemoteTestNG.main(RemoteTestNG.java:77)
]]>
            </full-stacktrace>
          </exception> <!-- org.openqa.selenium.NoSuchWindowException -->
          <reporter-output>
          </reporter-output>
        </test-method> <!-- loginCheck -->
      </class> <!-- com.test.RegressionTest -->
    </test> <!-- Test -->
  </suite> <!-- Suite -->
</testng-results>
