<?xml version="1.0" encoding="UTF-8"?>
<testng-results ignored="0" total="2" passed="2" failed="0" skipped="0">
  <reporter-output>
  </reporter-output>
  <suite started-at="2023-06-23T15:02:54 IST" name="Default suite" finished-at="2023-06-23T15:05:46 IST" duration-ms="172122">
    <groups>
    </groups>
    <test started-at="2023-06-23T15:02:54 IST" name="Default test" finished-at="2023-06-23T15:05:46 IST" duration-ms="172122">
      <class name="com.test.CreateMatterTest">
        <test-method is-config="true" signature="launchApplication()[pri:0, instance:com.test.CreateMatterTest@8c3b9d]" started-at="2023-06-23T15:02:54 IST" name="launchApplication" finished-at="2023-06-23T15:03:03 IST" duration-ms="9018" status="PASS">
          <reporter-output>
          </reporter-output>
        </test-method> <!-- launchApplication -->
        <test-method signature="clientsIndividualsandTempClients(java.util.HashMap)[pri:12, instance:com.test.CreateMatterTest@8c3b9d]" started-at="2023-06-23T15:03:04 IST" name="clientsIndividualsandTempClients" data-provider="getData13" finished-at="2023-06-23T15:04:26 IST" duration-ms="82138" status="PASS">
          <params>
            <param index="0">
              <value>
                <![CDATA[{lastName=raj, country=Belgium, mobileNumber=8989868696, caseTitle=Legal Case 13, searchTextEntity=Medical Firm, contactPerson=vanthiyan, emailId=vanthiyan@gm.com, countryEntitys=Belgium, individualsClientName2=Ananth kumar, confirmEmail=Aathi@gm.com, individualsClientName1=Vengadeshwaran Ramamoorthy, confirmEmailId=vanthiyan@gm.com, groupName2=Immigration Law, firstName=Aathi, phoneNumber=9696969693, caseNumber=AB013, searchTextIndividuals=Aathiraj, firmName=vanthiyan Firm, groupName1=Family Law, email=Aathi@gm.com}]]>
              </value>
            </param>
          </params>
          <reporter-output>
          </reporter-output>
        </test-method> <!-- clientsIndividualsandTempClients -->
        <test-method signature="clientsIndividualsandTempClientsWithTeamMembers(java.util.HashMap)[pri:13, instance:com.test.CreateMatterTest@8c3b9d]" started-at="2023-06-23T15:04:26 IST" name="clientsIndividualsandTempClientsWithTeamMembers" data-provider="getData14" finished-at="2023-06-23T15:05:46 IST" duration-ms="79272" status="PASS">
          <params>
            <param index="0">
              <value>
                <![CDATA[{lastName=MS, country=Belgium, mobileNumber=7878454545, caseTitle=Legal Case 14, searchTextEntity=SuperMarket Firm, contactPerson=Raj, emailId=Invert@gnm.com, countryEntitys=Belgium, memberName1=Donald Carpenter, memberName2=Jason Gifford, individualsClientName2=Ananth kumar, confirmEmail=Sonali@fm.com, individualsClientName1=Vengadeshwaran Ramamoorthy, confirmEmailId=Invert@gnm.com, groupName2=Immigration Law, firstName=Sonali, phoneNumber=7878989896, caseNumber=AB014, searchTextIndividuals=Sonali, firmName=SuperMarket Firm, groupName1=Family Law, email=Sonali@fm.com}]]>
              </value>
            </param>
          </params>
          <reporter-output>
          </reporter-output>
        </test-method> <!-- clientsIndividualsandTempClientsWithTeamMembers -->
        <test-method is-config="true" signature="down()[pri:0, instance:com.test.CreateMatterTest@8c3b9d]" started-at="2023-06-23T15:05:46 IST" name="down" finished-at="2023-06-23T15:05:46 IST" duration-ms="364" status="PASS">
          <reporter-output>
          </reporter-output>
        </test-method> <!-- down -->
      </class> <!-- com.test.CreateMatterTest -->
    </test> <!-- Default test -->
  </suite> <!-- Default suite -->
</testng-results>
