<?xml version="1.0" encoding="UTF-8"?>
<testng-results ignored="0" total="1" passed="1" failed="0" skipped="0">
  <reporter-output>
  </reporter-output>
  <suite started-at="2023-08-26T13:50:03 IST" name="Default suite" finished-at="2023-08-26T13:52:43 IST" duration-ms="159688">
    <groups>
    </groups>
    <test started-at="2023-08-26T13:50:03 IST" name="Default test" finished-at="2023-08-26T13:52:43 IST" duration-ms="159688">
      <class name="com.test.CreateMeetingTestDailyRep">
        <test-method is-config="true" signature="launchApplication()[pri:0, instance:com.test.CreateMeetingTestDailyRep@6ed3ccb2]" started-at="2023-08-26T13:50:03 IST" name="launchApplication" finished-at="2023-08-26T13:50:13 IST" duration-ms="10097" status="PASS">
          <reporter-output>
          </reporter-output>
        </test-method> <!-- launchApplication -->
        <test-method signature="mandatoryFieldsWithRepetition(java.util.HashMap)[pri:0, instance:com.test.CreateMeetingTestDailyRep@6ed3ccb2]" started-at="2023-08-26T13:50:14 IST" name="mandatoryFieldsWithRepetition" data-provider="getData0" finished-at="2023-08-26T13:52:43 IST" duration-ms="148796" status="PASS">
          <params>
            <param index="0">
              <value>
                <![CDATA[{date=31, meetingLink=, teamMember1=, entityMember1=, currentMonth=8, dialNumber=, entityFirmName=, document1=, repetition=Monthly , currentYear=2023, monthAndTime= : 5:15 AM - 5:45 AM, meetingagenda=, meetingName=5:15 AM Legal Case 13 - Case filling, meetingName1=Legal Case 13 - Case filling, entityFirmAssert=, repetationCount=3, comment=0.mandatoryFieldsWithRepetition, taskName=Case filling , startTime= 05:15 , location=, individualMember1=, individualsAssert=, matterName=Legal Case 13 }]]>
              </value>
            </param>
          </params>
          <reporter-output>
          </reporter-output>
        </test-method> <!-- mandatoryFieldsWithRepetition -->
        <test-method is-config="true" signature="down()[pri:0, instance:com.test.CreateMeetingTestDailyRep@6ed3ccb2]" started-at="2023-08-26T13:52:43 IST" name="down" finished-at="2023-08-26T13:52:43 IST" duration-ms="2" status="PASS">
          <reporter-output>
          </reporter-output>
        </test-method> <!-- down -->
      </class> <!-- com.test.CreateMeetingTestDailyRep -->
    </test> <!-- Default test -->
  </suite> <!-- Default suite -->
</testng-results>
